#
# There is insufficient memory for the Java Runtime Environment to continue.
# Native memory allocation (malloc) failed to allocate 321744 bytes for Chunk::new
# Possible reasons:
#   The system is out of physical RAM or swap space
#   The process is running with CompressedOops enabled, and the Java Heap may be blocking the growth of the native heap
# Possible solutions:
#   Reduce memory load on the system
#   Increase physical memory or swap space
#   Check if swap backing store is full
#   Decrease Java heap size (-Xmx/-Xms)
#   Decrease number of Java threads
#   Decrease Java thread stack sizes (-Xss)
#   Set larger code cache with -XX:ReservedCodeCacheSize=
#   JVM is running with Unscaled Compressed Oops mode in which the Java heap is
#     placed in the first 4GB address space. The Java Heap base address is the
#     maximum limit for the native heap growth. Please use -XX:HeapBaseMinAddress
#     to set the Java Heap base and to place the Java Heap above 4GB virtual address.
# This output file may be truncated or incomplete.
#
#  Out of Memory Error (t:/workspace/open/src/hotspot/share/memory/arena.cpp:196), pid=13820, tid=4960
#
# JRE version: Java(TM) SE Runtime Environment (13.0.2+8) (build 13.0.2+8)
# Java VM: Java HotSpot(TM) 64-Bit Server VM (13.0.2+8, mixed mode, sharing, tiered, compressed oops, g1 gc, windows-amd64)
# No core dump will be written. Minidumps are not enabled by default on client versions of Windows
#

---------------  S U M M A R Y ------------

Command Line: -ea -Didea.test.cyclic.buffer.size=1048576 -javaagent:C:\Program Files\JetBrains\IntelliJ IDEA 2019.3.2\lib\idea_rt.jar=64123:C:\Program Files\JetBrains\IntelliJ IDEA 2019.3.2\bin -Dfile.encoding=UTF-8 com.intellij.rt.junit.JUnitStarter -ideVersion5 -junit5 bean.UserControllerTest

Host: Intel(R) Core(TM) i7-8550U CPU @ 1.80GHz, 8 cores, 7G,  Windows 10 , 64 bit Build 18362 (10.0.18362.1110)
Time: Sat Nov 28 13:48:23 2020 ?D1¨²¡À¨º¡Á?¨º¡À?? elapsed time: 2 seconds (0d 0h 0m 2s)

---------------  T H R E A D  ---------------

Current thread (0x0000016d25fc5800):  JavaThread "C2 CompilerThread0" daemon [_thread_in_native, id=4960, stack(0x000000396fb00000,0x000000396fc00000)]


Current CompileTask:
C2:   2006 1800 %     4       java.io.WinNTFileSystem::normalize @ 58 (224 bytes)

Stack: [0x000000396fb00000,0x000000396fc00000]
Native frames: (J=compiled Java code, j=interpreted, Vv=VM code, C=native code)
V  [jvm.dll+0x624f9a]
V  [jvm.dll+0x770cfa]
V  [jvm.dll+0x7724af]
V  [jvm.dll+0x772ab3]
V  [jvm.dll+0x24bf08]
V  [jvm.dll+0xc1e47]
V  [jvm.dll+0xc23cc]
V  [jvm.dll+0x35c0c5]
V  [jvm.dll+0x327803]
V  [jvm.dll+0x326bda]
V  [jvm.dll+0x205c27]
V  [jvm.dll+0x204e3f]
V  [gdi32full.dll+0x189c2c]
V  [jvm.dll+0x213e6d]
V  [jvm.dll+0x2120bb]
V  [VERSION.dll+0x736bb6]
V  [jvm.dll+0x72fcaa]
V  [jvm.dll+0x623ea6]
C  [ucrtbase.dll+0x210b2]
C  [KERNEL32.DLL+0x17c24]
C  [ntdll.dll+0x6d4d1]


---------------  P R O C E S S  ---------------

Threads class SMR info:
_java_thread_list=0x0000016d29c2de30, length=13, elements={
0x0000016d09a7d800, 0x0000016d25fa1000, 0x0000016d25fa5000, 0x0000016d25fc2000,
0x0000016d25fc4000, 0x0000016d25fc5800, 0x0000016d25fcc800, 0x0000016d25fd1800,
0x0000016d25f80000, 0x0000016d29212000, 0x0000016d29307000, 0x0000016d29356800,
0x0000016d29cf2800
}

Java Threads: ( => current thread )
  0x0000016d09a7d800 JavaThread "main" [_thread_in_Java, id=4320, stack(0x000000396f000000,0x000000396f100000)]
  0x0000016d25fa1000 JavaThread "Reference Handler" daemon [_thread_blocked, id=16656, stack(0x000000396f700000,0x000000396f800000)]
  0x0000016d25fa5000 JavaThread "Finalizer" daemon [_thread_blocked, id=15424, stack(0x000000396f800000,0x000000396f900000)]
  0x0000016d25fc2000 JavaThread "Signal Dispatcher" daemon [_thread_blocked, id=2620, stack(0x000000396f900000,0x000000396fa00000)]
  0x0000016d25fc4000 JavaThread "Attach Listener" daemon [_thread_blocked, id=19908, stack(0x000000396fa00000,0x000000396fb00000)]
=>0x0000016d25fc5800 JavaThread "C2 CompilerThread0" daemon [_thread_in_native, id=4960, stack(0x000000396fb00000,0x000000396fc00000)]
  0x0000016d25fcc800 JavaThread "C1 CompilerThread0" daemon [_thread_blocked, id=21104, stack(0x000000396fc00000,0x000000396fd00000)]
  0x0000016d25fd1800 JavaThread "Sweeper thread" daemon [_thread_blocked, id=6604, stack(0x000000396fd00000,0x000000396fe00000)]
  0x0000016d25f80000 JavaThread "Common-Cleaner" daemon [_thread_blocked, id=13336, stack(0x000000396fe00000,0x000000396ff00000)]
  0x0000016d29212000 JavaThread "C2 CompilerThread1" daemon [_thread_in_native, id=14804, stack(0x000000396ff00000,0x0000003970000000)]
  0x0000016d29307000 JavaThread "Monitor Ctrl-Break" daemon [_thread_in_native, id=4732, stack(0x0000003970000000,0x0000003970100000)]
  0x0000016d29356800 JavaThread "Service Thread" daemon [_thread_blocked, id=19520, stack(0x0000003970100000,0x0000003970200000)]
  0x0000016d29cf2800 JavaThread "C2 CompilerThread2" daemon [_thread_in_native, id=13184, stack(0x0000003970500000,0x0000003970600000)]

Other Threads:
  0x0000016d25f9d000 VMThread "VM Thread" [stack: 0x000000396f600000,0x000000396f700000] [id=19408]
  0x0000016d29359000 WatcherThread [stack: 0x0000003970200000,0x0000003970300000] [id=3996]
  0x0000016d09abc800 GCTaskThread "GC Thread#0" [stack: 0x000000396f100000,0x000000396f200000] [id=13076]
  0x0000016d29e28000 GCTaskThread "GC Thread#1" [stack: 0x0000003970300000,0x0000003970400000] [id=21376]
  0x0000016d29e78000 GCTaskThread "GC Thread#2" [stack: 0x0000003970400000,0x0000003970500000] [id=16756]
  0x0000016d09abd800 ConcurrentGCThread "G1 Main Marker" [stack: 0x000000396f200000,0x000000396f300000] [id=19880]
  0x0000016d25df5800 ConcurrentGCThread "G1 Conc#0" [stack: 0x000000396f300000,0x000000396f400000] [id=19816]
  0x0000016d25e96800 ConcurrentGCThread "G1 Refine#0" [stack: 0x000000396f400000,0x000000396f500000] [id=10344]
  0x0000016d25e97800 ConcurrentGCThread "G1 Young RemSet Sampling" [stack: 0x000000396f500000,0x000000396f600000] [id=8296]

Threads with active compile tasks:
C2 CompilerThread0     2089 1800 %     4       java.io.WinNTFileSystem::normalize @ 58 (224 bytes)
C1 CompilerThread0     2090 1856       3       org.springframework.asm.MethodVisitor::<init> (72 bytes)
C2 CompilerThread1     2090 1825       4       java.util.zip.ZipFile::getZipEntry (309 bytes)
C2 CompilerThread2     2090 1826 %     4       sun.nio.fs.WindowsPathParser::normalize @ 18 (233 bytes)

VM state:not at safepoint (normal execution)

VM Mutex/Monitor currently owned by a thread: None

Heap address: 0x0000000081e00000, size: 2018 MB, Compressed Oops mode: 32-bit
Narrow klass base: 0x0000000800000000, Narrow klass shift: 3
Compressed class space size: 1073741824 Address: 0x0000000800b40000

Heap:
 garbage-first heap   total 131072K, used 66732K [0x0000000081e00000, 0x0000000100000000)
  region size 1024K, 65 young (66560K), 3 survivors (3072K)
 Metaspace       used 10814K, capacity 11291K, committed 11520K, reserved 1058816K
  class space    used 1244K, capacity 1444K, committed 1536K, reserved 1048576K
Heap Regions: E=young(eden), S=young(survivor), O=old, HS=humongous(starts), HC=humongous(continues), CS=collection set, F=free, A=archive, TAMS=top-at-mark-start (previous, next)
|   0|0x0000000081e00000, 0x0000000081f00000, 0x0000000081f00000|100%| O|  |TAMS 0x0000000081e00000, 0x0000000081e00000| Untracked 
|   1|0x0000000081f00000, 0x0000000081f2b200, 0x0000000082000000| 16%| O|  |TAMS 0x0000000081f00000, 0x0000000081f00000| Untracked 
|   2|0x0000000082000000, 0x0000000082000000, 0x0000000082100000|  0%| F|  |TAMS 0x0000000082000000, 0x0000000082000000| Untracked 
|   3|0x0000000082100000, 0x0000000082100000, 0x0000000082200000|  0%| F|  |TAMS 0x0000000082100000, 0x0000000082100000| Untracked 
|   4|0x0000000082200000, 0x0000000082200000, 0x0000000082300000|  0%| F|  |TAMS 0x0000000082200000, 0x0000000082200000| Untracked 
|   5|0x0000000082300000, 0x0000000082300000, 0x0000000082400000|  0%| F|  |TAMS 0x0000000082300000, 0x0000000082300000| Untracked 
|   6|0x0000000082400000, 0x0000000082400000, 0x0000000082500000|  0%| F|  |TAMS 0x0000000082400000, 0x0000000082400000| Untracked 
|   7|0x0000000082500000, 0x0000000082500000, 0x0000000082600000|  0%| F|  |TAMS 0x0000000082500000, 0x0000000082500000| Untracked 
|   8|0x0000000082600000, 0x0000000082600000, 0x0000000082700000|  0%| F|  |TAMS 0x0000000082600000, 0x0000000082600000| Untracked 
|   9|0x0000000082700000, 0x0000000082700000, 0x0000000082800000|  0%| F|  |TAMS 0x0000000082700000, 0x0000000082700000| Untracked 
|  10|0x0000000082800000, 0x0000000082800000, 0x0000000082900000|  0%| F|  |TAMS 0x0000000082800000, 0x0000000082800000| Untracked 
|  11|0x0000000082900000, 0x0000000082900000, 0x0000000082a00000|  0%| F|  |TAMS 0x0000000082900000, 0x0000000082900000| Untracked 
|  12|0x0000000082a00000, 0x0000000082a00000, 0x0000000082b00000|  0%| F|  |TAMS 0x0000000082a00000, 0x0000000082a00000| Untracked 
|  13|0x0000000082b00000, 0x0000000082b00000, 0x0000000082c00000|  0%| F|  |TAMS 0x0000000082b00000, 0x0000000082b00000| Untracked 
|  14|0x0000000082c00000, 0x0000000082c00000, 0x0000000082d00000|  0%| F|  |TAMS 0x0000000082c00000, 0x0000000082c00000| Untracked 
|  15|0x0000000082d00000, 0x0000000082d00000, 0x0000000082e00000|  0%| F|  |TAMS 0x0000000082d00000, 0x0000000082d00000| Untracked 
|  16|0x0000000082e00000, 0x0000000082e00000, 0x0000000082f00000|  0%| F|  |TAMS 0x0000000082e00000, 0x0000000082e00000| Untracked 
|  17|0x0000000082f00000, 0x0000000082f00000, 0x0000000083000000|  0%| F|  |TAMS 0x0000000082f00000, 0x0000000082f00000| Untracked 
|  18|0x0000000083000000, 0x0000000083000000, 0x0000000083100000|  0%| F|  |TAMS 0x0000000083000000, 0x0000000083000000| Untracked 
|  19|0x0000000083100000, 0x0000000083100000, 0x0000000083200000|  0%| F|  |TAMS 0x0000000083100000, 0x0000000083100000| Untracked 
|  20|0x0000000083200000, 0x0000000083200000, 0x0000000083300000|  0%| F|  |TAMS 0x0000000083200000, 0x0000000083200000| Untracked 
|  21|0x0000000083300000, 0x0000000083300000, 0x0000000083400000|  0%| F|  |TAMS 0x0000000083300000, 0x0000000083300000| Untracked 
|  22|0x0000000083400000, 0x0000000083400000, 0x0000000083500000|  0%| F|  |TAMS 0x0000000083400000, 0x0000000083400000| Untracked 
|  23|0x0000000083500000, 0x0000000083500000, 0x0000000083600000|  0%| F|  |TAMS 0x0000000083500000, 0x0000000083500000| Untracked 
|  24|0x0000000083600000, 0x0000000083600000, 0x0000000083700000|  0%| F|  |TAMS 0x0000000083600000, 0x0000000083600000| Untracked 
|  25|0x0000000083700000, 0x0000000083700000, 0x0000000083800000|  0%| F|  |TAMS 0x0000000083700000, 0x0000000083700000| Untracked 
|  26|0x0000000083800000, 0x0000000083800000, 0x0000000083900000|  0%| F|  |TAMS 0x0000000083800000, 0x0000000083800000| Untracked 
|  27|0x0000000083900000, 0x0000000083900000, 0x0000000083a00000|  0%| F|  |TAMS 0x0000000083900000, 0x0000000083900000| Untracked 
|  28|0x0000000083a00000, 0x0000000083a00000, 0x0000000083b00000|  0%| F|  |TAMS 0x0000000083a00000, 0x0000000083a00000| Untracked 
|  29|0x0000000083b00000, 0x0000000083b00000, 0x0000000083c00000|  0%| F|  |TAMS 0x0000000083b00000, 0x0000000083b00000| Untracked 
|  30|0x0000000083c00000, 0x0000000083c00000, 0x0000000083d00000|  0%| F|  |TAMS 0x0000000083c00000, 0x0000000083c00000| Untracked 
|  31|0x0000000083d00000, 0x0000000083d00000, 0x0000000083e00000|  0%| F|  |TAMS 0x0000000083d00000, 0x0000000083d00000| Untracked 
|  32|0x0000000083e00000, 0x0000000083e00000, 0x0000000083f00000|  0%| F|  |TAMS 0x0000000083e00000, 0x0000000083e00000| Untracked 
|  33|0x0000000083f00000, 0x0000000083f00000, 0x0000000084000000|  0%| F|  |TAMS 0x0000000083f00000, 0x0000000083f00000| Untracked 
|  34|0x0000000084000000, 0x0000000084000000, 0x0000000084100000|  0%| F|  |TAMS 0x0000000084000000, 0x0000000084000000| Untracked 
|  35|0x0000000084100000, 0x0000000084100000, 0x0000000084200000|  0%| F|  |TAMS 0x0000000084100000, 0x0000000084100000| Untracked 
|  36|0x0000000084200000, 0x0000000084200000, 0x0000000084300000|  0%| F|  |TAMS 0x0000000084200000, 0x0000000084200000| Untracked 
|  37|0x0000000084300000, 0x0000000084300000, 0x0000000084400000|  0%| F|  |TAMS 0x0000000084300000, 0x0000000084300000| Untracked 
|  38|0x0000000084400000, 0x0000000084400000, 0x0000000084500000|  0%| F|  |TAMS 0x0000000084400000, 0x0000000084400000| Untracked 
|  39|0x0000000084500000, 0x0000000084500000, 0x0000000084600000|  0%| F|  |TAMS 0x0000000084500000, 0x0000000084500000| Untracked 
|  40|0x0000000084600000, 0x0000000084600000, 0x0000000084700000|  0%| F|  |TAMS 0x0000000084600000, 0x0000000084600000| Untracked 
|  41|0x0000000084700000, 0x0000000084700000, 0x0000000084800000|  0%| F|  |TAMS 0x0000000084700000, 0x0000000084700000| Untracked 
|  42|0x0000000084800000, 0x0000000084800000, 0x0000000084900000|  0%| F|  |TAMS 0x0000000084800000, 0x0000000084800000| Untracked 
|  43|0x0000000084900000, 0x0000000084900000, 0x0000000084a00000|  0%| F|  |TAMS 0x0000000084900000, 0x0000000084900000| Untracked 
|  44|0x0000000084a00000, 0x0000000084a00000, 0x0000000084b00000|  0%| F|  |TAMS 0x0000000084a00000, 0x0000000084a00000| Untracked 
|  45|0x0000000084b00000, 0x0000000084b00000, 0x0000000084c00000|  0%| F|  |TAMS 0x0000000084b00000, 0x0000000084b00000| Untracked 
|  46|0x0000000084c00000, 0x0000000084c00000, 0x0000000084d00000|  0%| F|  |TAMS 0x0000000084c00000, 0x0000000084c00000| Untracked 
|  47|0x0000000084d00000, 0x0000000084d00000, 0x0000000084e00000|  0%| F|  |TAMS 0x0000000084d00000, 0x0000000084d00000| Untracked 
|  48|0x0000000084e00000, 0x0000000084e00000, 0x0000000084f00000|  0%| F|  |TAMS 0x0000000084e00000, 0x0000000084e00000| Untracked 
|  49|0x0000000084f00000, 0x0000000084f00000, 0x0000000085000000|  0%| F|  |TAMS 0x0000000084f00000, 0x0000000084f00000| Untracked 
|  50|0x0000000085000000, 0x0000000085000000, 0x0000000085100000|  0%| F|  |TAMS 0x0000000085000000, 0x0000000085000000| Untracked 
|  51|0x0000000085100000, 0x0000000085100000, 0x0000000085200000|  0%| F|  |TAMS 0x0000000085100000, 0x0000000085100000| Untracked 
|  52|0x0000000085200000, 0x0000000085200000, 0x0000000085300000|  0%| F|  |TAMS 0x0000000085200000, 0x0000000085200000| Untracked 
|  53|0x0000000085300000, 0x0000000085300000, 0x0000000085400000|  0%| F|  |TAMS 0x0000000085300000, 0x0000000085300000| Untracked 
|  54|0x0000000085400000, 0x0000000085400000, 0x0000000085500000|  0%| F|  |TAMS 0x0000000085400000, 0x0000000085400000| Untracked 
|  55|0x0000000085500000, 0x0000000085500000, 0x0000000085600000|  0%| F|  |TAMS 0x0000000085500000, 0x0000000085500000| Untracked 
|  56|0x0000000085600000, 0x0000000085600000, 0x0000000085700000|  0%| F|  |TAMS 0x0000000085600000, 0x0000000085600000| Untracked 
|  57|0x0000000085700000, 0x0000000085700000, 0x0000000085800000|  0%| F|  |TAMS 0x0000000085700000, 0x0000000085700000| Untracked 
|  58|0x0000000085800000, 0x0000000085800000, 0x0000000085900000|  0%| F|  |TAMS 0x0000000085800000, 0x0000000085800000| Untracked 
|  59|0x0000000085900000, 0x0000000085900000, 0x0000000085a00000|  0%| F|  |TAMS 0x0000000085900000, 0x0000000085900000| Untracked 
|  60|0x0000000085a00000, 0x0000000085a00000, 0x0000000085b00000|  0%| F|  |TAMS 0x0000000085a00000, 0x0000000085a00000| Untracked 
|  61|0x0000000085b00000, 0x0000000085b00000, 0x0000000085c00000|  0%| F|  |TAMS 0x0000000085b00000, 0x0000000085b00000| Untracked 
|  62|0x0000000085c00000, 0x0000000085c00000, 0x0000000085d00000|  0%| F|  |TAMS 0x0000000085c00000, 0x0000000085c00000| Untracked 
|  63|0x0000000085d00000, 0x0000000085e00000, 0x0000000085e00000|100%| E|  |TAMS 0x0000000085d00000, 0x0000000085d00000| Complete 
|  64|0x0000000085e00000, 0x0000000085f00000, 0x0000000085f00000|100%| E|CS|TAMS 0x0000000085e00000, 0x0000000085e00000| Complete 
|  65|0x0000000085f00000, 0x0000000086000000, 0x0000000086000000|100%| E|CS|TAMS 0x0000000085f00000, 0x0000000085f00000| Complete 
|  66|0x0000000086000000, 0x0000000086100000, 0x0000000086100000|100%| E|CS|TAMS 0x0000000086000000, 0x0000000086000000| Complete 
|  67|0x0000000086100000, 0x0000000086200000, 0x0000000086200000|100%| E|CS|TAMS 0x0000000086100000, 0x0000000086100000| Complete 
|  68|0x0000000086200000, 0x0000000086300000, 0x0000000086300000|100%| E|CS|TAMS 0x0000000086200000, 0x0000000086200000| Complete 
|  69|0x0000000086300000, 0x0000000086400000, 0x0000000086400000|100%| E|CS|TAMS 0x0000000086300000, 0x0000000086300000| Complete 
|  70|0x0000000086400000, 0x0000000086500000, 0x0000000086500000|100%| E|CS|TAMS 0x0000000086400000, 0x0000000086400000| Complete 
|  71|0x0000000086500000, 0x0000000086600000, 0x0000000086600000|100%| E|CS|TAMS 0x0000000086500000, 0x0000000086500000| Complete 
|  72|0x0000000086600000, 0x0000000086700000, 0x0000000086700000|100%| E|CS|TAMS 0x0000000086600000, 0x0000000086600000| Complete 
|  73|0x0000000086700000, 0x0000000086800000, 0x0000000086800000|100%| E|CS|TAMS 0x0000000086700000, 0x0000000086700000| Complete 
|  74|0x0000000086800000, 0x0000000086900000, 0x0000000086900000|100%| E|CS|TAMS 0x0000000086800000, 0x0000000086800000| Complete 
|  75|0x0000000086900000, 0x0000000086a00000, 0x0000000086a00000|100%| E|CS|TAMS 0x0000000086900000, 0x0000000086900000| Complete 
|  76|0x0000000086a00000, 0x0000000086b00000, 0x0000000086b00000|100%| E|CS|TAMS 0x0000000086a00000, 0x0000000086a00000| Complete 
|  77|0x0000000086b00000, 0x0000000086c00000, 0x0000000086c00000|100%| E|CS|TAMS 0x0000000086b00000, 0x0000000086b00000| Complete 
|  78|0x0000000086c00000, 0x0000000086d00000, 0x0000000086d00000|100%| E|CS|TAMS 0x0000000086c00000, 0x0000000086c00000| Complete 
|  79|0x0000000086d00000, 0x0000000086e00000, 0x0000000086e00000|100%| E|CS|TAMS 0x0000000086d00000, 0x0000000086d00000| Complete 
|  80|0x0000000086e00000, 0x0000000086f00000, 0x0000000086f00000|100%| E|CS|TAMS 0x0000000086e00000, 0x0000000086e00000| Complete 
|  81|0x0000000086f00000, 0x0000000087000000, 0x0000000087000000|100%| E|CS|TAMS 0x0000000086f00000, 0x0000000086f00000| Complete 
|  82|0x0000000087000000, 0x0000000087100000, 0x0000000087100000|100%| E|CS|TAMS 0x0000000087000000, 0x0000000087000000| Complete 
|  83|0x0000000087100000, 0x0000000087200000, 0x0000000087200000|100%| E|CS|TAMS 0x0000000087100000, 0x0000000087100000| Complete 
|  84|0x0000000087200000, 0x0000000087300000, 0x0000000087300000|100%| E|CS|TAMS 0x0000000087200000, 0x0000000087200000| Complete 
|  85|0x0000000087300000, 0x0000000087400000, 0x0000000087400000|100%| E|CS|TAMS 0x0000000087300000, 0x0000000087300000| Complete 
|  86|0x0000000087400000, 0x0000000087500000, 0x0000000087500000|100%| E|CS|TAMS 0x0000000087400000, 0x0000000087400000| Complete 
|  87|0x0000000087500000, 0x0000000087600000, 0x0000000087600000|100%| E|CS|TAMS 0x0000000087500000, 0x0000000087500000| Complete 
|  88|0x0000000087600000, 0x0000000087700000, 0x0000000087700000|100%| E|CS|TAMS 0x0000000087600000, 0x0000000087600000| Complete 
|  89|0x0000000087700000, 0x0000000087800000, 0x0000000087800000|100%| E|CS|TAMS 0x0000000087700000, 0x0000000087700000| Complete 
|  90|0x0000000087800000, 0x0000000087900000, 0x0000000087900000|100%| E|CS|TAMS 0x0000000087800000, 0x0000000087800000| Complete 
|  91|0x0000000087900000, 0x0000000087a00000, 0x0000000087a00000|100%| E|CS|TAMS 0x0000000087900000, 0x0000000087900000| Complete 
|  92|0x0000000087a00000, 0x0000000087b00000, 0x0000000087b00000|100%| E|CS|TAMS 0x0000000087a00000, 0x0000000087a00000| Complete 
|  93|0x0000000087b00000, 0x0000000087c00000, 0x0000000087c00000|100%| E|CS|TAMS 0x0000000087b00000, 0x0000000087b00000| Complete 
|  94|0x0000000087c00000, 0x0000000087d00000, 0x0000000087d00000|100%| E|CS|TAMS 0x0000000087c00000, 0x0000000087c00000| Complete 
|  95|0x0000000087d00000, 0x0000000087e00000, 0x0000000087e00000|100%| E|CS|TAMS 0x0000000087d00000, 0x0000000087d00000| Complete 
|  96|0x0000000087e00000, 0x0000000087f00000, 0x0000000087f00000|100%| E|CS|TAMS 0x0000000087e00000, 0x0000000087e00000| Complete 
|  97|0x0000000087f00000, 0x0000000088000000, 0x0000000088000000|100%| E|CS|TAMS 0x0000000087f00000, 0x0000000087f00000| Complete 
|  98|0x0000000088000000, 0x0000000088100000, 0x0000000088100000|100%| E|CS|TAMS 0x0000000088000000, 0x0000000088000000| Complete 
|  99|0x0000000088100000, 0x0000000088200000, 0x0000000088200000|100%| E|CS|TAMS 0x0000000088100000, 0x0000000088100000| Complete 
| 100|0x0000000088200000, 0x0000000088300000, 0x0000000088300000|100%| E|CS|TAMS 0x0000000088200000, 0x0000000088200000| Complete 
| 101|0x0000000088300000, 0x0000000088400000, 0x0000000088400000|100%| S|CS|TAMS 0x0000000088300000, 0x0000000088300000| Complete 
| 102|0x0000000088400000, 0x0000000088500000, 0x0000000088500000|100%| S|CS|TAMS 0x0000000088400000, 0x0000000088400000| Complete 
| 103|0x0000000088500000, 0x0000000088600000, 0x0000000088600000|100%| S|CS|TAMS 0x0000000088500000, 0x0000000088500000| Complete 
| 104|0x0000000088600000, 0x0000000088700000, 0x0000000088700000|100%| E|CS|TAMS 0x0000000088600000, 0x0000000088600000| Complete 
| 105|0x0000000088700000, 0x0000000088800000, 0x0000000088800000|100%| E|CS|TAMS 0x0000000088700000, 0x0000000088700000| Complete 
| 106|0x0000000088800000, 0x0000000088900000, 0x0000000088900000|100%| E|CS|TAMS 0x0000000088800000, 0x0000000088800000| Complete 
| 107|0x0000000088900000, 0x0000000088a00000, 0x0000000088a00000|100%| E|CS|TAMS 0x0000000088900000, 0x0000000088900000| Complete 
| 108|0x0000000088a00000, 0x0000000088b00000, 0x0000000088b00000|100%| E|CS|TAMS 0x0000000088a00000, 0x0000000088a00000| Complete 
| 109|0x0000000088b00000, 0x0000000088c00000, 0x0000000088c00000|100%| E|CS|TAMS 0x0000000088b00000, 0x0000000088b00000| Complete 
| 110|0x0000000088c00000, 0x0000000088d00000, 0x0000000088d00000|100%| E|CS|TAMS 0x0000000088c00000, 0x0000000088c00000| Complete 
| 111|0x0000000088d00000, 0x0000000088e00000, 0x0000000088e00000|100%| E|CS|TAMS 0x0000000088d00000, 0x0000000088d00000| Complete 
| 112|0x0000000088e00000, 0x0000000088f00000, 0x0000000088f00000|100%| E|CS|TAMS 0x0000000088e00000, 0x0000000088e00000| Complete 
| 113|0x0000000088f00000, 0x0000000089000000, 0x0000000089000000|100%| E|CS|TAMS 0x0000000088f00000, 0x0000000088f00000| Complete 
| 114|0x0000000089000000, 0x0000000089100000, 0x0000000089100000|100%| E|CS|TAMS 0x0000000089000000, 0x0000000089000000| Complete 
| 115|0x0000000089100000, 0x0000000089200000, 0x0000000089200000|100%| E|CS|TAMS 0x0000000089100000, 0x0000000089100000| Complete 
| 116|0x0000000089200000, 0x0000000089300000, 0x0000000089300000|100%| E|CS|TAMS 0x0000000089200000, 0x0000000089200000| Complete 
| 117|0x0000000089300000, 0x0000000089400000, 0x0000000089400000|100%| E|CS|TAMS 0x0000000089300000, 0x0000000089300000| Complete 
| 118|0x0000000089400000, 0x0000000089500000, 0x0000000089500000|100%| E|CS|TAMS 0x0000000089400000, 0x0000000089400000| Complete 
| 119|0x0000000089500000, 0x0000000089600000, 0x0000000089600000|100%| E|CS|TAMS 0x0000000089500000, 0x0000000089500000| Complete 
| 120|0x0000000089600000, 0x0000000089700000, 0x0000000089700000|100%| E|CS|TAMS 0x0000000089600000, 0x0000000089600000| Complete 
| 121|0x0000000089700000, 0x0000000089800000, 0x0000000089800000|100%| E|CS|TAMS 0x0000000089700000, 0x0000000089700000| Complete 
| 122|0x0000000089800000, 0x0000000089900000, 0x0000000089900000|100%| E|CS|TAMS 0x0000000089800000, 0x0000000089800000| Complete 
| 123|0x0000000089900000, 0x0000000089a00000, 0x0000000089a00000|100%| E|CS|TAMS 0x0000000089900000, 0x0000000089900000| Complete 
| 124|0x0000000089a00000, 0x0000000089b00000, 0x0000000089b00000|100%| E|CS|TAMS 0x0000000089a00000, 0x0000000089a00000| Complete 
| 125|0x0000000089b00000, 0x0000000089c00000, 0x0000000089c00000|100%| E|CS|TAMS 0x0000000089b00000, 0x0000000089b00000| Complete 
| 126|0x0000000089c00000, 0x0000000089d00000, 0x0000000089d00000|100%| E|CS|TAMS 0x0000000089c00000, 0x0000000089c00000| Complete 
| 127|0x0000000089d00000, 0x0000000089e00000, 0x0000000089e00000|100%| E|CS|TAMS 0x0000000089d00000, 0x0000000089d00000| Complete 

Card table byte_map: [0x0000016d21630000,0x0000016d21a30000] _byte_map_base: 0x0000016d21221000

Marking Bits (Prev, Next): (CMBitMap*) 0x0000016d09abcec8, (CMBitMap*) 0x0000016d09abcf08
 Prev Bits: [0x0000016d21e30000, 0x0000016d23db8000)
 Next Bits: [0x0000016d23dc0000, 0x0000016d25d48000)

Polling page: 0x0000016d08c50000

Metaspace:

Usage:
  Non-class:      9.62 MB capacity,     9.36 MB ( 97%) used,   218.05 KB (  2%) free+waste,    46.19 KB ( <1%) overhead. 
      Class:      1.41 MB capacity,     1.22 MB ( 86%) used,   174.73 KB ( 12%) free+waste,    24.88 KB (  2%) overhead. 
       Both:     11.03 MB capacity,    10.57 MB ( 96%) used,   392.79 KB (  3%) free+waste,    71.06 KB ( <1%) overhead. 

Virtual space:
  Non-class space:       10.00 MB reserved,       9.75 MB ( 98%) committed 
      Class space:        1.00 GB reserved,       1.50 MB ( <1%) committed 
             Both:        1.01 GB reserved,      11.25 MB (  1%) committed 

Chunk freelists:
   Non-Class:  9.00 KB
       Class:  0 bytes
        Both:  9.00 KB

MaxMetaspaceSize: 17179869184.00 GB
CompressedClassSpaceSize: 1.00 GB

CodeHeap 'non-profiled nmethods': size=120000Kb used=789Kb max_used=789Kb free=119210Kb
 bounds [0x0000016d199c0000, 0x0000016d19c30000, 0x0000016d20ef0000]
CodeHeap 'profiled nmethods': size=120000Kb used=4108Kb max_used=4108Kb free=115891Kb
 bounds [0x0000016d12490000, 0x0000016d128a0000, 0x0000016d199c0000]
CodeHeap 'non-nmethods': size=5760Kb used=1209Kb max_used=1258Kb free=4550Kb
 bounds [0x0000016d11ef0000, 0x0000016d12160000, 0x0000016d12490000]
 total_blobs=3038 nmethods=1856 adapters=374
 compilation: enabled
              stopped_count=0, restarted_count=0
 full_count=0

Compilation events (20 events):
Event: 1.974 Thread 0x0000016d25fcc800 nmethod 1803 0x0000016d12846c90 code [0x0000016d12846e40, 0x0000016d12847090]
Event: 1.975 Thread 0x0000016d25fcc800 1804  s    3       java.io.ByteArrayOutputStream::toByteArray (12 bytes)
Event: 1.975 Thread 0x0000016d25fcc800 nmethod 1804 0x0000016d12847190 code [0x0000016d12847360, 0x0000016d128478f0]
Event: 1.975 Thread 0x0000016d25fcc800 1805   !   3       sun.net.www.protocol.jar.JarURLConnection$JarURLInputStream::close (51 bytes)
Event: 1.976 Thread 0x0000016d25fcc800 nmethod 1805 0x0000016d12847a90 code [0x0000016d12847cc0, 0x0000016d12848490]
Event: 1.976 Thread 0x0000016d25fcc800 1807       3       org.springframework.asm.ClassReader::readUtf (44 bytes)
Event: 1.976 Thread 0x0000016d25fcc800 nmethod 1807 0x0000016d12848790 code [0x0000016d12848980, 0x0000016d12848e90]
Event: 1.976 Thread 0x0000016d25fcc800 1806       3       sun.net.www.protocol.jar.JarURLConnection::getInputStream (97 bytes)
Event: 1.977 Thread 0x0000016d25fcc800 nmethod 1806 0x0000016d12849110 code [0x0000016d12849400, 0x0000016d1284a410]
Event: 1.979 Thread 0x0000016d25fcc800 1808       3       org.springframework.core.io.DefaultResourceLoader::getClassLoader (18 bytes)
Event: 1.979 Thread 0x0000016d25fcc800 nmethod 1808 0x0000016d1284a990 code [0x0000016d1284ab40, 0x0000016d1284ad50]
Event: 1.982 Thread 0x0000016d25fcc800 1809   !   3       org.springframework.core.type.classreading.CachingMetadataReaderFactory::getMetadataReader (115 bytes)
Event: 1.983 Thread 0x0000016d25fcc800 nmethod 1809 0x0000016d1284ae10 code [0x0000016d1284b0c0, 0x0000016d1284c1c0]
Event: 1.983 Thread 0x0000016d25fcc800 1813       3       java.util.jar.JarFile::match (132 bytes)
Event: 1.984 Thread 0x0000016d25fcc800 nmethod 1813 0x0000016d1284c710 code [0x0000016d1284c900, 0x0000016d1284ced8]
Event: 1.984 Thread 0x0000016d25fcc800 1812       3       org.springframework.asm.ClassReader::accept (1373 bytes)
Event: 1.997 Thread 0x0000016d29212000 nmethod 1801 0x0000016d19a78c10 code [0x0000016d19a78de0, 0x0000016d19a796d8]
Event: 1.997 Thread 0x0000016d29212000 1824       4       java.lang.ref.Cleaner$1::apply (9 bytes)
Event: 1.998 Thread 0x0000016d29212000 nmethod 1824 0x0000016d19a79b10 code [0x0000016d19a79ca0, 0x0000016d19a79d58]
Event: 1.998 Thread 0x0000016d29212000 1825       4       java.util.zip.ZipFile::getZipEntry (309 bytes)

GC Heap History (2 events):
Event: 1.146 GC heap before
{Heap before GC invocations=0 (full 0):
 garbage-first heap   total 131072K, used 23552K [0x0000000081e00000, 0x0000000100000000)
  region size 1024K, 24 young (24576K), 0 survivors (0K)
 Metaspace       used 9660K, capacity 10114K, committed 10368K, reserved 1058816K
  class space    used 1153K, capacity 1349K, committed 1408K, reserved 1048576K
}
Event: 1.156 GC heap after
{Heap after GC invocations=1 (full 0):
 garbage-first heap   total 131072K, used 4268K [0x0000000081e00000, 0x0000000100000000)
  region size 1024K, 3 young (3072K), 3 survivors (3072K)
 Metaspace       used 9660K, capacity 10114K, committed 10368K, reserved 1058816K
  class space    used 1153K, capacity 1349K, committed 1408K, reserved 1048576K
}

Deoptimization events (20 events):
Event: 1.855 Thread 0x0000016d09a7d800 DEOPT PACKING pc=0x0000016d127fddee sp=0x000000396f0fbb50
Event: 1.855 Thread 0x0000016d09a7d800 DEOPT UNPACKING pc=0x0000016d11f3964e sp=0x000000396f0fb030 mode 0
Event: 1.867 Thread 0x0000016d09a7d800 DEOPT PACKING pc=0x0000016d127fddee sp=0x000000396f0fbab0
Event: 1.867 Thread 0x0000016d09a7d800 DEOPT UNPACKING pc=0x0000016d11f3964e sp=0x000000396f0faf90 mode 0
Event: 1.881 Thread 0x0000016d09a7d800 DEOPT PACKING pc=0x0000016d127fddee sp=0x000000396f0fbab0
Event: 1.881 Thread 0x0000016d09a7d800 DEOPT UNPACKING pc=0x0000016d11f3964e sp=0x000000396f0faf90 mode 0
Event: 1.891 Thread 0x0000016d09a7d800 DEOPT PACKING pc=0x0000016d127fddee sp=0x000000396f0fbab0
Event: 1.891 Thread 0x0000016d09a7d800 DEOPT UNPACKING pc=0x0000016d11f3964e sp=0x000000396f0faf90 mode 0
Event: 1.903 Thread 0x0000016d09a7d800 DEOPT PACKING pc=0x0000016d127fddee sp=0x000000396f0fbab0
Event: 1.903 Thread 0x0000016d09a7d800 DEOPT UNPACKING pc=0x0000016d11f3964e sp=0x000000396f0faf90 mode 0
Event: 1.912 Thread 0x0000016d09a7d800 DEOPT PACKING pc=0x0000016d127fddee sp=0x000000396f0fbab0
Event: 1.912 Thread 0x0000016d09a7d800 DEOPT UNPACKING pc=0x0000016d11f3964e sp=0x000000396f0faf90 mode 0
Event: 1.920 Thread 0x0000016d09a7d800 DEOPT PACKING pc=0x0000016d127fddee sp=0x000000396f0fbab0
Event: 1.920 Thread 0x0000016d09a7d800 DEOPT UNPACKING pc=0x0000016d11f3964e sp=0x000000396f0faf90 mode 0
Event: 1.938 Thread 0x0000016d09a7d800 DEOPT PACKING pc=0x0000016d127ed602 sp=0x000000396f0fb660
Event: 1.938 Thread 0x0000016d09a7d800 DEOPT UNPACKING pc=0x0000016d11f3964e sp=0x000000396f0fab38 mode 0
Event: 1.978 Thread 0x0000016d09a7d800 DEOPT PACKING pc=0x0000016d128313d1 sp=0x000000396f0fb890
Event: 1.978 Thread 0x0000016d09a7d800 DEOPT UNPACKING pc=0x0000016d11f3964e sp=0x000000396f0fad68 mode 0
Event: 1.983 Thread 0x0000016d09a7d800 DEOPT PACKING pc=0x0000016d127e78ad sp=0x000000396f0fbd30
Event: 1.983 Thread 0x0000016d09a7d800 DEOPT UNPACKING pc=0x0000016d11f3964e sp=0x000000396f0fb1a0 mode 0

Classes unloaded (0 events):
No events

Classes redefined (0 events):
No events

Internal exceptions (20 events):
Event: 0.525 Thread 0x0000016d09a7d800 Exception <a 'java/lang/IncompatibleClassChangeError'{0x000000008952edf0}: Found class java.lang.Object, but interface was expected> (0x000000008952edf0) 
thrown [t:/workspace/open/src/hotspot/share/interpreter/linkResolver.cpp, line 833]
Event: 0.553 Thread 0x0000016d09a7d800 Exception <a 'java/lang/NoSuchMethodError'{0x00000000895e9240}: 'java.lang.Object java.lang.invoke.DirectMethodHandle$Holder.invokeSpecialIFC(java.lang.Object, java.lang.Object, java.lang.Object, java.lang.Object)'> (0x00000000895e9240) 
thrown [t:/workspace/open/src/hotspot/share/interpreter/linkResolver.cpp, line 767]
Event: 0.595 Thread 0x0000016d09a7d800 Exception <a 'java/lang/NoSuchMethodError'{0x00000000893035f8}: 'int java.lang.invoke.DirectMethodHandle$Holder.invokeVirtual(java.lang.Object, java.lang.Object, java.lang.Object)'> (0x00000000893035f8) 
thrown [t:/workspace/open/src/hotspot/share/interpreter/linkResolver.cpp, line 767]
Event: 0.598 Thread 0x0000016d09a7d800 Exception <a 'java/lang/NoSuchMethodError'{0x000000008931a738}: 'void java.lang.invoke.DirectMethodHandle$Holder.invokeInterface(java.lang.Object, java.lang.Object)'> (0x000000008931a738) 
thrown [t:/workspace/open/src/hotspot/share/interpreter/linkResolver.cpp, line 767]
Event: 0.598 Thread 0x0000016d09a7d800 Exception <a 'java/lang/IncompatibleClassChangeError'{0x000000008931d128}: Found class java.lang.Object, but interface was expected> (0x000000008931d128) 
thrown [t:/workspace/open/src/hotspot/share/interpreter/linkResolver.cpp, line 833]
Event: 0.601 Thread 0x0000016d09a7d800 Exception <a 'java/lang/NoSuchMethodError'{0x000000008932c030}: 'void java.lang.invoke.DirectMethodHandle$Holder.invokeStatic(java.lang.Object, java.lang.Object, java.lang.Object, java.lang.Object)'> (0x000000008932c030) 
thrown [t:/workspace/open/src/hotspot/share/interpreter/linkResolver.cpp, line 767]
Event: 0.657 Thread 0x0000016d09a7d800 Exception <a 'java/lang/NoSuchMethodError'{0x00000000892ed670}: 'void java.lang.invoke.DirectMethodHandle$Holder.invokeInterface(java.lang.Object, java.lang.Object, java.lang.Object, java.lang.Object)'> (0x00000000892ed670) 
thrown [t:/workspace/open/src/hotspot/share/interpreter/linkResolver.cpp, line 767]
Event: 0.657 Thread 0x0000016d09a7d800 Exception <a 'java/lang/IncompatibleClassChangeError'{0x00000000892f0098}: Found class java.lang.Object, but interface was expected> (0x00000000892f0098) 
thrown [t:/workspace/open/src/hotspot/share/interpreter/linkResolver.cpp, line 833]
Event: 0.660 Thread 0x0000016d09a7d800 Exception <a 'java/lang/NoSuchMethodError'{0x000000008910db50}: 'java.lang.Object java.lang.invoke.DirectMethodHandle$Holder.invokeVirtual(java.lang.Object, java.lang.Object, java.lang.Object)'> (0x000000008910db50) 
thrown [t:/workspace/open/src/hotspot/share/interpreter/linkResolver.cpp, line 767]
Event: 0.687 Thread 0x0000016d09a7d800 Exception <a 'java/lang/NoSuchMethodError'{0x0000000089001a20}: 'void java.lang.invoke.DirectMethodHandle$Holder.invokeSpecial(java.lang.Object, java.lang.Object)'> (0x0000000089001a20) 
thrown [t:/workspace/open/src/hotspot/share/interpreter/linkResolver.cpp, line 767]
Event: 0.696 Thread 0x0000016d09a7d800 Exception <a 'java/lang/NoSuchMethodError'{0x0000000089040658}: 'int java.lang.invoke.DirectMethodHandle$Holder.invokeStatic(java.lang.Object, java.lang.Object, java.lang.Object, java.lang.Object, java.lang.Object)'> (0x0000000089040658) 
thrown [t:/workspace/open/src/hotspot/share/interpreter/linkResolver.cpp, line 767]
Event: 0.716 Thread 0x0000016d09a7d800 Exception <a 'java/lang/NoSuchMethodError'{0x00000000890f82c8}: 'int java.lang.invoke.DirectMethodHandle$Holder.invokeStaticInit(java.lang.Object, java.lang.Object, java.lang.Object)'> (0x00000000890f82c8) 
thrown [t:/workspace/open/src/hotspot/share/interpreter/linkResolver.cpp, line 767]
Event: 0.736 Thread 0x0000016d09a7d800 Exception <a 'java/lang/NoSuchMethodError'{0x0000000088f8bc68}: 'int java.lang.invoke.DirectMethodHandle$Holder.invokeStaticInit(java.lang.Object, java.lang.Object)'> (0x0000000088f8bc68) 
thrown [t:/workspace/open/src/hotspot/share/interpreter/linkResolver.cpp, line 767]
Event: 0.788 Thread 0x0000016d09a7d800 Exception <a 'java/lang/NoClassDefFoundError'{0x0000000088d0b8c0}: org/apache/log4j/Priority> (0x0000000088d0b8c0) 
thrown [t:/workspace/open/src/hotspot/share/classfile/systemDictionary.cpp, line 221]
Event: 0.931 Thread 0x0000016d09a7d800 Exception <a 'java/lang/ClassNotFoundException'{0x0000000088a98928}: com/sun/org/apache/xerces/internal/impl/xpath/regex/spi/messageProvider> (0x0000000088a98928) 
thrown [t:/workspace/open/src/hotspot/share/classfile/systemDictionary.cpp, line 232]
Event: 1.181 Thread 0x0000016d09a7d800 Implicit null exception at 0x0000016d199fba04 to 0x0000016d199fbf1e
Event: 1.181 Thread 0x0000016d09a7d800 Implicit null exception at 0x0000016d199fcd04 to 0x0000016d199fd1f2
Event: 1.235 Thread 0x0000016d09a7d800 Exception <a 'java/io/FileNotFoundException'{0x0000000089c94cf0}> (0x0000000089c94cf0) 
thrown [t:/workspace/open/src/hotspot/share/prims/jni.cpp, line 598]
Event: 1.235 Thread 0x0000016d09a7d800 Exception <a 'java/io/FileNotFoundException'{0x0000000089c96810}> (0x0000000089c96810) 
thrown [t:/workspace/open/src/hotspot/share/prims/jni.cpp, line 598]
Event: 1.737 Thread 0x0000016d09a7d800 Exception <a 'java/lang/NoSuchMethodError'{0x00000000868ad738}: 'int java.lang.invoke.DirectMethodHandle$Holder.invokeInterface(java.lang.Object, java.lang.Object)'> (0x00000000868ad738) 
thrown [t:/workspace/open/src/hotspot/share/interpreter/linkResolver.cpp, line 767]

Events (20 events):
Event: 1.752 loading class org/springframework/core/annotation/AnnotationsProcessor
Event: 1.752 loading class org/springframework/core/annotation/AnnotationsProcessor done
Event: 1.753 loading class org/springframework/core/annotation/MissingMergedAnnotation
Event: 1.753 loading class org/springframework/core/annotation/MissingMergedAnnotation done
Event: 1.756 loading class org/springframework/stereotype/Repository
Event: 1.756 loading class org/springframework/stereotype/Repository done
Event: 1.757 loading class org/apache/ibatis/annotations/Mapper
Event: 1.757 loading class org/apache/ibatis/annotations/Mapper done
Event: 1.761 loading class org/springframework/beans/factory/annotation/Lookup
Event: 1.761 loading class org/springframework/beans/factory/annotation/Lookup done
Event: 1.768 loading class org/springframework/core/type/classreading/MergedAnnotationReadingVisitor
Event: 1.768 loading class org/springframework/core/type/classreading/MergedAnnotationReadingVisitor done
Event: 1.779 Loaded shared library C:\Program Files\Java\jdk-13.0.2\bin\java.dll
Event: 1.782 Loaded shared library C:\Program Files\Java\jdk-13.0.2\bin\java.dll
Event: 1.784 Loaded shared library C:\Program Files\Java\jdk-13.0.2\bin\java.dll
Event: 1.787 Loaded shared library C:\Program Files\Java\jdk-13.0.2\bin\java.dll
Event: 1.946 Loaded shared library C:\Program Files\Java\jdk-13.0.2\bin\zip.dll
Event: 1.949 Loaded shared library C:\Program Files\Java\jdk-13.0.2\bin\zip.dll
Event: 1.952 Loaded shared library C:\Program Files\Java\jdk-13.0.2\bin\zip.dll
Event: 1.955 Loaded shared library C:\Program Files\Java\jdk-13.0.2\bin\zip.dll


Dynamic libraries:
0x00007ff691c70000 - 0x00007ff691c7f000 	C:\Program Files\Java\jdk-13.0.2\bin\java.exe
0x00007ff92e460000 - 0x00007ff92e650000 	C:\WINDOWS\SYSTEM32\ntdll.dll
0x00007ff92e100000 - 0x00007ff92e1b2000 	C:\WINDOWS\System32\KERNEL32.DLL
0x00007ff92bde0000 - 0x00007ff92c085000 	C:\WINDOWS\System32\KERNELBASE.dll
0x00007ff92bb90000 - 0x00007ff92bc8a000 	C:\WINDOWS\System32\ucrtbase.dll
0x00007ff91e3f0000 - 0x00007ff91e405000 	C:\Program Files\Java\jdk-13.0.2\bin\VCRUNTIME140.dll
0x00007ff91e2d0000 - 0x00007ff91e2e8000 	C:\Program Files\Java\jdk-13.0.2\bin\jli.dll
0x00007ff92c9b0000 - 0x00007ff92ca53000 	C:\WINDOWS\System32\ADVAPI32.dll
0x00007ff92e250000 - 0x00007ff92e2ee000 	C:\WINDOWS\System32\msvcrt.dll
0x00007ff92c690000 - 0x00007ff92c727000 	C:\WINDOWS\System32\sechost.dll
0x00007ff92c510000 - 0x00007ff92c630000 	C:\WINDOWS\System32\RPCRT4.dll
0x00007ff92ddb0000 - 0x00007ff92df44000 	C:\WINDOWS\System32\USER32.dll
0x00007ff92bd30000 - 0x00007ff92bd51000 	C:\WINDOWS\System32\win32u.dll
0x00007ff92cc20000 - 0x00007ff92cc46000 	C:\WINDOWS\System32\GDI32.dll
0x00007ff92c290000 - 0x00007ff92c426000 	C:\WINDOWS\System32\gdi32full.dll
0x00007ff92bc90000 - 0x00007ff92bd2e000 	C:\WINDOWS\System32\msvcp_win.dll
0x00007ff91cfc0000 - 0x00007ff91d244000 	C:\WINDOWS\WinSxS\amd64_microsoft.windows.common-controls_6595b64144ccf1df_6.0.18362.1198_none_9e820b57e45ad92f\COMCTL32.dll
0x00007ff92d920000 - 0x00007ff92dc55000 	C:\WINDOWS\System32\combase.dll
0x00007ff92bd60000 - 0x00007ff92bde0000 	C:\WINDOWS\System32\bcryptPrimitives.dll
0x00007ff925710000 - 0x00007ff92571a000 	C:\WINDOWS\SYSTEM32\VERSION.dll
0x00007ff92cac0000 - 0x00007ff92caee000 	C:\WINDOWS\System32\IMM32.DLL
0x00007ff923610000 - 0x00007ff9236e0000 	C:\WINDOWS\system32\tmumh\20019\AddOn\7.30.0.1121\TmUmEvt64.dll
0x00007ff92d220000 - 0x00007ff92d228000 	C:\WINDOWS\System32\PSAPI.DLL
0x00007ff92c630000 - 0x00007ff92c682000 	C:\WINDOWS\System32\SHLWAPI.dll
0x0000000073c20000 - 0x0000000073d6c000 	C:\WINDOWS\system32\tmumh\20019\TmMon\2.6.0.2038\tmmon64.dll
0x00007ff914de0000 - 0x00007ff914e7b000 	C:\Program Files\Java\jdk-13.0.2\bin\msvcp140.dll
0x00007ff8d14e0000 - 0x00007ff8d203d000 	C:\Program Files\Java\jdk-13.0.2\bin\server\jvm.dll
0x00007ff926230000 - 0x00007ff926239000 	C:\WINDOWS\SYSTEM32\WSOCK32.dll
0x00007ff92cba0000 - 0x00007ff92cc0f000 	C:\WINDOWS\System32\WS2_32.dll
0x00007ff923bc0000 - 0x00007ff923be4000 	C:\WINDOWS\SYSTEM32\WINMM.dll
0x00007ff923b10000 - 0x00007ff923b3d000 	C:\WINDOWS\SYSTEM32\WINMMBASE.dll
0x00007ff92c460000 - 0x00007ff92c4aa000 	C:\WINDOWS\System32\cfgmgr32.dll
0x00007ff92b3c0000 - 0x00007ff92b3d1000 	C:\WINDOWS\System32\kernel.appcore.dll
0x00007ff91e2c0000 - 0x00007ff91e2d0000 	C:\Program Files\Java\jdk-13.0.2\bin\verify.dll
0x00007ff928950000 - 0x00007ff928b44000 	C:\WINDOWS\SYSTEM32\DBGHELP.DLL
0x00007ff91c4f0000 - 0x00007ff91c51a000 	C:\WINDOWS\SYSTEM32\dbgcore.DLL
0x00007ff91dc90000 - 0x00007ff91dcb6000 	C:\Program Files\Java\jdk-13.0.2\bin\java.dll
0x00007ff929160000 - 0x00007ff92916e000 	C:\Program Files\Java\jdk-13.0.2\bin\instrument.dll
0x00007ff91cdc0000 - 0x00007ff91cdd7000 	C:\Program Files\Java\jdk-13.0.2\bin\zip.dll
0x00007ff91d260000 - 0x00007ff91d26a000 	C:\Program Files\Java\jdk-13.0.2\bin\jimage.dll
0x00007ff92d230000 - 0x00007ff92d917000 	C:\WINDOWS\System32\SHELL32.dll
0x00007ff92caf0000 - 0x00007ff92cb99000 	C:\WINDOWS\System32\shcore.dll
0x00007ff92b3e0000 - 0x00007ff92bb61000 	C:\WINDOWS\System32\windows.storage.dll
0x00007ff92b370000 - 0x00007ff92b393000 	C:\WINDOWS\System32\profapi.dll
0x00007ff92b320000 - 0x00007ff92b36a000 	C:\WINDOWS\System32\powrprof.dll
0x00007ff92b310000 - 0x00007ff92b320000 	C:\WINDOWS\System32\UMPDC.dll
0x00007ff92bb70000 - 0x00007ff92bb87000 	C:\WINDOWS\System32\cryptsp.dll
0x00007ff91cda0000 - 0x00007ff91cdb9000 	C:\Program Files\Java\jdk-13.0.2\bin\net.dll
0x00007ff928df0000 - 0x00007ff928ee0000 	C:\WINDOWS\SYSTEM32\WINHTTP.dll
0x00007ff92ab60000 - 0x00007ff92abc7000 	C:\WINDOWS\system32\mswsock.dll
0x00007ff91cd80000 - 0x00007ff91cd93000 	C:\Program Files\Java\jdk-13.0.2\bin\nio.dll
0x00007ff922c30000 - 0x00007ff922c4a000 	C:\Program Files\JetBrains\IntelliJ IDEA 2019.3.2\bin\breakgen64.dll

dbghelp: loaded successfully - version: 4.0.5 - missing functions: none
symbol engine: initialized successfully - sym options: 0x614 - pdb path: .;C:\Program Files\Java\jdk-13.0.2\bin;C:\WINDOWS\SYSTEM32;C:\WINDOWS\WinSxS\amd64_microsoft.windows.common-controls_6595b64144ccf1df_6.0.18362.1198_none_9e820b57e45ad92f;C:\WINDOWS\system32\tmumh\20019\AddOn\7.30.0.1121;C:\WINDOWS\system32\tmumh\20019\TmMon\2.6.0.2038;C:\Program Files\Java\jdk-13.0.2\bin\server;C:\Program Files\JetBrains\IntelliJ IDEA 2019.3.2\bin

VM Arguments:
jvm_args: -ea -Didea.test.cyclic.buffer.size=1048576 -javaagent:C:\Program Files\JetBrains\IntelliJ IDEA 2019.3.2\lib\idea_rt.jar=64123:C:\Program Files\JetBrains\IntelliJ IDEA 2019.3.2\bin -Dfile.encoding=UTF-8 
java_command: com.intellij.rt.junit.JUnitStarter -ideVersion5 -junit5 bean.UserControllerTest
java_class_path (initial): C:\Program Files\JetBrains\IntelliJ IDEA 2019.3.2\lib\idea_rt.jar;C:\Program Files\JetBrains\IntelliJ IDEA 2019.3.2\plugins\junit\lib\junit5-rt.jar;C:\Program Files\JetBrains\IntelliJ IDEA 2019.3.2\plugins\junit\lib\junit-rt.jar;F:\JavaEE\JavaEE\sy6\5-Spring-181002424\out\production\5-Spring-181002424;F:\JavaEE\JavaEE\sy6\5-Spring-181002424\lib\commons-logging-1.2.jar;F:\JavaEE\JavaEE\sy6\5-Spring-181002424\lib\spring-aop-5.2.9.RELEASE.jar;F:\JavaEE\JavaEE\sy6\5-Spring-181002424\lib\spring-core-5.2.9.RELEASE.jar;F:\JavaEE\JavaEE\sy6\5-Spring-181002424\lib\spring-beans-5.2.9.RELEASE.jar;F:\JavaEE\JavaEE\sy6\5-Spring-181002424\lib\spring-context-5.2.9.RELEASE.jar;F:\JavaEE\JavaEE\sy6\5-Spring-181002424\lib\spring-expression-5.2.9.RELEASE.jar;F:\JavaEE\tools\apache-tomcat-9.0.24\lib\jsp-api.jar;F:\JavaEE\tools\apache-tomcat-9.0.24\lib\servlet-api.jar;F:\JavaEE\mybatis-3.4.5.jar;F:\JavaEE\mysql-connector-java-8.0.22.jar;F:\JavaEE\commons-dbcp2-2.2.0.jar;F:\JavaEE\mybatis-spring-1.3.1.jar;F:\JavaEE\spring-jdbc-5.0.2.RELEASE.jar;F:\JavaEE\spring-tx-5.0.2.RELEASE.jar;C:\Users\ad\.m2\repository\junit\junit\4.12\junit-4.12.jar;C:\Users\ad\.m2\repository\org\hamcrest\hamcrest-core\1.3\hamcrest-core-1.3.jar;C:\Users\ad\.m2\repository\org\junit\jupiter\junit-jupiter\5.4.2\junit-jupiter-5.4.2.jar;C:\Users\ad\.m2\repository\org\junit\jupiter\junit-jupiter-api\5.4.2\junit-jupiter-api-5.4.2.jar;C:\Users\ad\.m2\repository\org\apiguardian\apiguardian-api\1.0.0\apiguardian-api-1.0.0.jar;C:\Users\ad\.m2\repository\org\opentest4j\opentest4j\1.1.1\opentest4j-1.1.1.jar;C:\Users\ad\.m2\repository\org\junit\platform\junit-platform-commons\1.4.2\junit-platform-commons-1.4.2.jar;C:\Users\ad\.m2\repository\org\junit\jupiter\junit-jupiter-params\5.4.2\junit-jupiter-params-5.4.2.jar;C:\Users\ad\.m2\repository\org\junit\jupiter\junit-jupiter-engine\5.4.2\junit-jupiter-engine-5.4.2.jar;C:\Users\ad\.m2\repository\org\junit\platform\junit-platform-engine\1.4.2\junit-plat
Launcher Type: SUN_STANDARD

[Global flags]
     intx CICompilerCount                          = 4                                         {product} {ergonomic}
     uint ConcGCThreads                            = 2                                         {product} {ergonomic}
     uint G1ConcRefinementThreads                  = 8                                         {product} {ergonomic}
   size_t G1HeapRegionSize                         = 1048576                                   {product} {ergonomic}
    uintx GCDrainStackTargetSize                   = 64                                        {product} {ergonomic}
   size_t InitialHeapSize                          = 134217728                                 {product} {ergonomic}
   size_t MarkStackSize                            = 4194304                                   {product} {ergonomic}
   size_t MaxHeapSize                              = 2116026368                                {product} {ergonomic}
   size_t MaxNewSize                               = 1268776960                                {product} {ergonomic}
   size_t MinHeapDeltaBytes                        = 1048576                                   {product} {ergonomic}
   size_t MinHeapSize                              = 8388608                                   {product} {ergonomic}
    uintx NonNMethodCodeHeapSize                   = 5839372                                {pd product} {ergonomic}
    uintx NonProfiledCodeHeapSize                  = 122909434                              {pd product} {ergonomic}
    uintx ProfiledCodeHeapSize                     = 122909434                              {pd product} {ergonomic}
    uintx ReservedCodeCacheSize                    = 251658240                              {pd product} {ergonomic}
     bool SegmentedCodeCache                       = true                                      {product} {ergonomic}
   size_t SoftMaxHeapSize                          = 2116026368                             {manageable} {ergonomic}
     bool UseCompressedClassPointers               = true                                 {lp64_product} {ergonomic}
     bool UseCompressedOops                        = true                                 {lp64_product} {ergonomic}
     bool UseG1GC                                  = true                                      {product} {ergonomic}
     bool UseLargePagesIndividualAllocation        = false                                  {pd product} {ergonomic}

Logging:
Log output configuration:
 #0: stdout all=warning uptime,level,tags
 #1: stderr all=off uptime,level,tags

Environment Variables:
JAVA_HOME=C:\Program Files\Java\jdk1.8.0_261
JRE_HOME=C:\Program Files\Java\jre1.8.0_261
CLASSPATH=.;C:\Program Files\Java\jdk1.8.0_261\lib;F:\JavaEE\tools\apache-tomcat-9.0.24\lib;C:\Program Files\Java\jdk1.8.0_261\lib\tools.jar;F:\LINGO9\Lingo9_0.jar
PATH=C:\Program Files\Java\jdk1.8.0_261\bin;C:\Program Files\Java\jdk1.8.0_261\jre\bin;C:\ProgramData\Oracle\Java\javapath;C:\Program Files (x86)\Common Files\Oracle\Java\javapath;C:\Program Files (x86)\Common Files\Intel\Shared Libraries\redist\intel64\compiler;C:\Program Files (x86)\Intel\Intel(R) Management Engine Components\iCLS\;C:\Program Files\Intel\Intel(R) Management Engine Components\iCLS\;C:\Windows\system32;C:\Windows;C:\Windows\System32\Wbem;C:\Windows\System32\WindowsPowerShell\v1.0\;C:\Windows\System32\OpenSSH\;C:\Program Files (x86)\Intel\Intel(R) Management Engine Components\DAL;C:\Program Files\Intel\Intel(R) Management Engine Components\DAL;C:\Program Files (x86)\Intel\Intel(R) Management Engine Components\IPT;C:\Program Files\Intel\Intel(R) Management Engine Components\IPT;C:\Program Files (x86)\NVIDIA Corporation\PhysX\Common;";C:\Program Files\Java\jre1.8.0_25\bin";"E:\codeblocks17.12\codeblocks17.12\codeblocks 17.12\MinGW\bin;E:\codeblocks17.12\codeblocks17.12\codeblocks 17.12\MinGW£»;C:\WINDOWS\system32;C:\WINDOWS;C:\WINDOWS\System32\Wbem;C:\WINDOWS\System32\WindowsPowerShell\v1.0\;C:\WINDOWS\System32\OpenSS";C:\Program Files\dotnet\;C:\Program Files\Microsoft SQL Server\130\Tools\Binn\;E:\codeblocks17.12\codeblocks17.12\codeblocks 17.12\MinGW\bin\;C:\Program Files (x86)\Dev-Cpp\MinGW64\bin\;E:\AÎÄµµ\UML\Rose\common;F:\MATLAB\matlab\runtime\win64;F:\MATLAB\matlab\bin;F:\LINGO9\;C:\Program Files\Java\jdk1.8.0_261\bin;C:\Program Files\Java\jdk1.8.0_261\jre\bin;C:\Program Files\Microsoft SQL Server\Client SDK\ODBC\170\Tools\Binn\;C:\Program Files (x86)\Microsoft SQL Server\150\Tools\Binn\;C:\Program Files\Microsoft SQL Server\150\Tools\Binn\;C:\Program Files\Microsoft SQL Server\150\DTS\Binn\;C:\Program Files (x86)\Microsoft SQL Server\150\DTS\Binn\;C:\Program Files\Azure Data Studio\bin;F:\SQL\mysql\mysql-8.0.22-winx64\mysql-8.0.22-winx64\bin;C:\Windows\system32;C:\WINDOWS\system32;C:\WINDOWS;C:\WINDOWS\System32\Wbem;F:\;F:\SQL\mysql\mysql-8.0.22-
USERNAME=ad
OS=Windows_NT
PROCESSOR_IDENTIFIER=Intel64 Family 6 Model 142 Stepping 10, GenuineIntel



---------------  S Y S T E M  ---------------

OS: Windows 10 , 64 bit Build 18362 (10.0.18362.1110)

CPU:total 8 (initial active 8) (4 cores per cpu, 2 threads per core) family 6 model 142 stepping 10, cmov, cx8, fxsr, mmx, sse, sse2, sse3, ssse3, sse4.1, sse4.2, popcnt, avx, avx2, aes, clmul, erms, 3dnowpref, lzcnt, ht, tsc, tscinvbit, bmi1, bmi2, adx, fma

Memory: 4k page, system-wide physical 8066M (972M free)
TotalPageFile size 12070M (AvailPageFile size 5M)
current process WorkingSet (physical memory assigned to process): 159M, peak: 159M
current process commit charge ("private bytes"): 268M, peak: 269M

vm_info: Java HotSpot(TM) 64-Bit Server VM (13.0.2+8) for windows-amd64 JRE (13.0.2+8), built on Dec 11 2019 09:20:33 by "mach5one" with unknown MS VC++:1916

END.
