#
# There is insufficient memory for the Java Runtime Environment to continue.
# Native memory allocation (malloc) failed to allocate 595536 bytes for Chunk::new
# Possible reasons:
#   The system is out of physical RAM or swap space
#   The process is running with CompressedOops enabled, and the Java Heap may be blocking the growth of the native heap
# Possible solutions:
#   Reduce memory load on the system
#   Increase physical memory or swap space
#   Check if swap backing store is full
#   Decrease Java heap size (-Xmx/-Xms)
#   Decrease number of Java threads
#   Decrease Java thread stack sizes (-Xss)
#   Set larger code cache with -XX:ReservedCodeCacheSize=
#   JVM is running with Unscaled Compressed Oops mode in which the Java heap is
#     placed in the first 4GB address space. The Java Heap base address is the
#     maximum limit for the native heap growth. Please use -XX:HeapBaseMinAddress
#     to set the Java Heap base and to place the Java Heap above 4GB virtual address.
# This output file may be truncated or incomplete.
#
#  Out of Memory Error (t:/workspace/open/src/hotspot/share/memory/arena.cpp:196), pid=13288, tid=11300
#
# JRE version: Java(TM) SE Runtime Environment (13.0.2+8) (build 13.0.2+8)
# Java VM: Java HotSpot(TM) 64-Bit Server VM (13.0.2+8, mixed mode, sharing, tiered, compressed oops, g1 gc, windows-amd64)
# No core dump will be written. Minidumps are not enabled by default on client versions of Windows
#

---------------  S U M M A R Y ------------

Command Line: -ea -Didea.test.cyclic.buffer.size=1048576 -javaagent:C:\Program Files\JetBrains\IntelliJ IDEA 2019.3.2\lib\idea_rt.jar=64087:C:\Program Files\JetBrains\IntelliJ IDEA 2019.3.2\bin -Dfile.encoding=UTF-8 com.intellij.rt.junit.JUnitStarter -ideVersion5 -junit5 bean.UserControllerTest,insert

Host: Intel(R) Core(TM) i7-8550U CPU @ 1.80GHz, 8 cores, 7G,  Windows 10 , 64 bit Build 18362 (10.0.18362.1110)
Time: Sat Nov 28 13:45:51 2020 ?D1¨²¡À¨º¡Á?¨º¡À?? elapsed time: 1 seconds (0d 0h 0m 1s)

---------------  T H R E A D  ---------------

Current thread (0x00000294ae264800):  JavaThread "C2 CompilerThread0" daemon [_thread_in_native, id=11300, stack(0x000000a621a00000,0x000000a621b00000)]


Current CompileTask:
C2:   1522 1872       4       org.springframework.asm.ClassReader::readMethod (1055 bytes)

Stack: [0x000000a621a00000,0x000000a621b00000]
Native frames: (J=compiled Java code, j=interpreted, Vv=VM code, C=native code)
V  [jvm.dll+0x624f9a]
V  [jvm.dll+0x770cfa]
V  [jvm.dll+0x7724af]
V  [jvm.dll+0x772ab3]
V  [jvm.dll+0x24bf08]
V  [jvm.dll+0xc1e47]
V  [jvm.dll+0xc23cc]
V  [jvm.dll+0x2bdbf4]
V  [jvm.dll+0x5441fd]
V  [jvm.dll+0x20de66]
V  [jvm.dll+0x207501]
V  [jvm.dll+0x204d1d]
V  [jvm.dll+0x189c2c]
V  [jvm.dll+0x213e6d]
V  [jvm.dll+0x2120bb]
V  [jvm.dll+0x736bb6]
V  [jvm.dll+0x72fcaa]
V  [jvm.dll+0x623ea6]
C  [ucrtbase.dll+0x210b2]
C  [KERNEL32.DLL+0x17c24]
C  [ntdll.dll+0x6d4d1]


---------------  P R O C E S S  ---------------

Threads class SMR info:
_java_thread_list=0x00000294b4b24cf0, length=13, elements={
0x0000029491cae800, 0x00000294ae23c800, 0x00000294ae240800, 0x00000294ae260800,
0x00000294ae262800, 0x00000294ae264800, 0x00000294ae268000, 0x00000294ae276800,
0x00000294b1492800, 0x00000294b150e800, 0x00000294b150f800, 0x00000294b1f58800,
0x00000294b215c800
}

Java Threads: ( => current thread )
  0x0000029491cae800 JavaThread "main" [_thread_blocked, id=21248, stack(0x000000a620f00000,0x000000a621000000)]
  0x00000294ae23c800 JavaThread "Reference Handler" daemon [_thread_blocked, id=5128, stack(0x000000a621600000,0x000000a621700000)]
  0x00000294ae240800 JavaThread "Finalizer" daemon [_thread_blocked, id=2932, stack(0x000000a621700000,0x000000a621800000)]
  0x00000294ae260800 JavaThread "Signal Dispatcher" daemon [_thread_blocked, id=20740, stack(0x000000a621800000,0x000000a621900000)]
  0x00000294ae262800 JavaThread "Attach Listener" daemon [_thread_blocked, id=17312, stack(0x000000a621900000,0x000000a621a00000)]
=>0x00000294ae264800 JavaThread "C2 CompilerThread0" daemon [_thread_in_native, id=11300, stack(0x000000a621a00000,0x000000a621b00000)]
  0x00000294ae268000 JavaThread "C1 CompilerThread0" daemon [_thread_blocked, id=13972, stack(0x000000a621b00000,0x000000a621c00000)]
  0x00000294ae276800 JavaThread "Sweeper thread" daemon [_thread_blocked, id=12404, stack(0x000000a621c00000,0x000000a621d00000)]
  0x00000294b1492800 JavaThread "Common-Cleaner" daemon [_thread_blocked, id=17904, stack(0x000000a621d00000,0x000000a621e00000)]
  0x00000294b150e800 JavaThread "Monitor Ctrl-Break" daemon [_thread_in_native, id=16500, stack(0x000000a621e00000,0x000000a621f00000)]
  0x00000294b150f800 JavaThread "Service Thread" daemon [_thread_blocked, id=11320, stack(0x000000a621f00000,0x000000a622000000)]
  0x00000294b1f58800 JavaThread "C2 CompilerThread1" daemon [_thread_in_native, id=1640, stack(0x000000a622100000,0x000000a622200000)]
  0x00000294b215c800 JavaThread "C2 CompilerThread2" daemon [_thread_in_native, id=14660, stack(0x000000a622400000,0x000000a622500000)]

Other Threads:
  0x00000294ae238800 VMThread "VM Thread" [stack: 0x000000a621500000,0x000000a621600000] [id=17384]
  0x00000294b1511000 WatcherThread [stack: 0x000000a622000000,0x000000a622100000] [id=7832]
  0x00000294ae080800 GCTaskThread "GC Thread#0" [stack: 0x000000a621000000,0x000000a621100000] [id=6344]
  0x00000294b1e6a800 GCTaskThread "GC Thread#1" [stack: 0x000000a622200000,0x000000a622300000] [id=20212]
  0x00000294b1e66800 GCTaskThread "GC Thread#2" [stack: 0x000000a622300000,0x000000a622400000] [id=16452]
  0x00000294ae091000 ConcurrentGCThread "G1 Main Marker" [stack: 0x000000a621100000,0x000000a621200000] [id=3904]
  0x00000294ae093800 ConcurrentGCThread "G1 Conc#0" [stack: 0x000000a621200000,0x000000a621300000] [id=13036]
  0x00000294ae135000 ConcurrentGCThread "G1 Refine#0" [stack: 0x000000a621300000,0x000000a621400000] [id=7260]
  0x00000294ae136000 ConcurrentGCThread "G1 Young RemSet Sampling" [stack: 0x000000a621400000,0x000000a621500000] [id=11060]

Threads with active compile tasks:
C2 CompilerThread0     1565 1872       4       org.springframework.asm.ClassReader::readMethod (1055 bytes)
C2 CompilerThread1     1565 1808       4       org.springframework.core.io.UrlResource::hashCode (8 bytes)
C2 CompilerThread2     1565 1809       4       org.springframework.core.io.UrlResource::getCleanedUrl (47 bytes)

VM state:not at safepoint (normal execution)

VM Mutex/Monitor currently owned by a thread: None

OutOfMemory and StackOverflow Exception counts:
OutOfMemoryError java_heap_errors=1
LinkageErrors=24

Heap address: 0x0000000081e00000, size: 2018 MB, Compressed Oops mode: 32-bit
Narrow klass base: 0x0000000800000000, Narrow klass shift: 3
Compressed class space size: 1073741824 Address: 0x0000000800b40000

Heap:
 garbage-first heap   total 131072K, used 31282K [0x0000000081e00000, 0x0000000100000000)
  region size 1024K, 31 young (31744K), 9 survivors (9216K)
 Metaspace       used 11033K, capacity 11597K, committed 11776K, reserved 1058816K
  class space    used 1268K, capacity 1521K, committed 1536K, reserved 1048576K
Heap Regions: E=young(eden), S=young(survivor), O=old, HS=humongous(starts), HC=humongous(continues), CS=collection set, F=free, A=archive, TAMS=top-at-mark-start (previous, next)
|   0|0x0000000081e00000, 0x0000000081f00000, 0x0000000081f00000|100%| O|  |TAMS 0x0000000081e00000, 0x0000000081e00000| Untracked 
|   1|0x0000000081f00000, 0x0000000081f4c800, 0x0000000082000000| 29%| O|  |TAMS 0x0000000081f00000, 0x0000000081f00000| Untracked 
|   2|0x0000000082000000, 0x0000000082000000, 0x0000000082100000|  0%| F|  |TAMS 0x0000000082000000, 0x0000000082000000| Untracked 
|   3|0x0000000082100000, 0x0000000082100000, 0x0000000082200000|  0%| F|  |TAMS 0x0000000082100000, 0x0000000082100000| Untracked 
|   4|0x0000000082200000, 0x0000000082200000, 0x0000000082300000|  0%| F|  |TAMS 0x0000000082200000, 0x0000000082200000| Untracked 
|   5|0x0000000082300000, 0x0000000082300000, 0x0000000082400000|  0%| F|  |TAMS 0x0000000082300000, 0x0000000082300000| Untracked 
|   6|0x0000000082400000, 0x0000000082400000, 0x0000000082500000|  0%| F|  |TAMS 0x0000000082400000, 0x0000000082400000| Untracked 
|   7|0x0000000082500000, 0x0000000082500000, 0x0000000082600000|  0%| F|  |TAMS 0x0000000082500000, 0x0000000082500000| Untracked 
|   8|0x0000000082600000, 0x0000000082600000, 0x0000000082700000|  0%| F|  |TAMS 0x0000000082600000, 0x0000000082600000| Untracked 
|   9|0x0000000082700000, 0x0000000082700000, 0x0000000082800000|  0%| F|  |TAMS 0x0000000082700000, 0x0000000082700000| Untracked 
|  10|0x0000000082800000, 0x0000000082800000, 0x0000000082900000|  0%| F|  |TAMS 0x0000000082800000, 0x0000000082800000| Untracked 
|  11|0x0000000082900000, 0x0000000082900000, 0x0000000082a00000|  0%| F|  |TAMS 0x0000000082900000, 0x0000000082900000| Untracked 
|  12|0x0000000082a00000, 0x0000000082a00000, 0x0000000082b00000|  0%| F|  |TAMS 0x0000000082a00000, 0x0000000082a00000| Untracked 
|  13|0x0000000082b00000, 0x0000000082b00000, 0x0000000082c00000|  0%| F|  |TAMS 0x0000000082b00000, 0x0000000082b00000| Untracked 
|  14|0x0000000082c00000, 0x0000000082c00000, 0x0000000082d00000|  0%| F|  |TAMS 0x0000000082c00000, 0x0000000082c00000| Untracked 
|  15|0x0000000082d00000, 0x0000000082d00000, 0x0000000082e00000|  0%| F|  |TAMS 0x0000000082d00000, 0x0000000082d00000| Untracked 
|  16|0x0000000082e00000, 0x0000000082e00000, 0x0000000082f00000|  0%| F|  |TAMS 0x0000000082e00000, 0x0000000082e00000| Untracked 
|  17|0x0000000082f00000, 0x0000000082f00000, 0x0000000083000000|  0%| F|  |TAMS 0x0000000082f00000, 0x0000000082f00000| Untracked 
|  18|0x0000000083000000, 0x0000000083000000, 0x0000000083100000|  0%| F|  |TAMS 0x0000000083000000, 0x0000000083000000| Untracked 
|  19|0x0000000083100000, 0x0000000083100000, 0x0000000083200000|  0%| F|  |TAMS 0x0000000083100000, 0x0000000083100000| Untracked 
|  20|0x0000000083200000, 0x0000000083200000, 0x0000000083300000|  0%| F|  |TAMS 0x0000000083200000, 0x0000000083200000| Untracked 
|  21|0x0000000083300000, 0x0000000083300000, 0x0000000083400000|  0%| F|  |TAMS 0x0000000083300000, 0x0000000083300000| Untracked 
|  22|0x0000000083400000, 0x0000000083400000, 0x0000000083500000|  0%| F|  |TAMS 0x0000000083400000, 0x0000000083400000| Untracked 
|  23|0x0000000083500000, 0x0000000083500000, 0x0000000083600000|  0%| F|  |TAMS 0x0000000083500000, 0x0000000083500000| Untracked 
|  24|0x0000000083600000, 0x0000000083600000, 0x0000000083700000|  0%| F|  |TAMS 0x0000000083600000, 0x0000000083600000| Untracked 
|  25|0x0000000083700000, 0x0000000083700000, 0x0000000083800000|  0%| F|  |TAMS 0x0000000083700000, 0x0000000083700000| Untracked 
|  26|0x0000000083800000, 0x0000000083800000, 0x0000000083900000|  0%| F|  |TAMS 0x0000000083800000, 0x0000000083800000| Untracked 
|  27|0x0000000083900000, 0x0000000083900000, 0x0000000083a00000|  0%| F|  |TAMS 0x0000000083900000, 0x0000000083900000| Untracked 
|  28|0x0000000083a00000, 0x0000000083a00000, 0x0000000083b00000|  0%| F|  |TAMS 0x0000000083a00000, 0x0000000083a00000| Untracked 
|  29|0x0000000083b00000, 0x0000000083b00000, 0x0000000083c00000|  0%| F|  |TAMS 0x0000000083b00000, 0x0000000083b00000| Untracked 
|  30|0x0000000083c00000, 0x0000000083c00000, 0x0000000083d00000|  0%| F|  |TAMS 0x0000000083c00000, 0x0000000083c00000| Untracked 
|  31|0x0000000083d00000, 0x0000000083d00000, 0x0000000083e00000|  0%| F|  |TAMS 0x0000000083d00000, 0x0000000083d00000| Untracked 
|  32|0x0000000083e00000, 0x0000000083e00000, 0x0000000083f00000|  0%| F|  |TAMS 0x0000000083e00000, 0x0000000083e00000| Untracked 
|  33|0x0000000083f00000, 0x0000000083f00000, 0x0000000084000000|  0%| F|  |TAMS 0x0000000083f00000, 0x0000000083f00000| Untracked 
|  34|0x0000000084000000, 0x0000000084000000, 0x0000000084100000|  0%| F|  |TAMS 0x0000000084000000, 0x0000000084000000| Untracked 
|  35|0x0000000084100000, 0x0000000084100000, 0x0000000084200000|  0%| F|  |TAMS 0x0000000084100000, 0x0000000084100000| Untracked 
|  36|0x0000000084200000, 0x0000000084200000, 0x0000000084300000|  0%| F|  |TAMS 0x0000000084200000, 0x0000000084200000| Untracked 
|  37|0x0000000084300000, 0x0000000084300000, 0x0000000084400000|  0%| F|  |TAMS 0x0000000084300000, 0x0000000084300000| Untracked 
|  38|0x0000000084400000, 0x0000000084400000, 0x0000000084500000|  0%| F|  |TAMS 0x0000000084400000, 0x0000000084400000| Untracked 
|  39|0x0000000084500000, 0x0000000084500000, 0x0000000084600000|  0%| F|  |TAMS 0x0000000084500000, 0x0000000084500000| Untracked 
|  40|0x0000000084600000, 0x0000000084600000, 0x0000000084700000|  0%| F|  |TAMS 0x0000000084600000, 0x0000000084600000| Untracked 
|  41|0x0000000084700000, 0x0000000084700000, 0x0000000084800000|  0%| F|  |TAMS 0x0000000084700000, 0x0000000084700000| Untracked 
|  42|0x0000000084800000, 0x0000000084800000, 0x0000000084900000|  0%| F|  |TAMS 0x0000000084800000, 0x0000000084800000| Untracked 
|  43|0x0000000084900000, 0x0000000084940340, 0x0000000084a00000| 25%| S|CS|TAMS 0x0000000084900000, 0x0000000084900000| Complete 
|  44|0x0000000084a00000, 0x0000000084b00000, 0x0000000084b00000|100%| S|CS|TAMS 0x0000000084a00000, 0x0000000084a00000| Complete 
|  45|0x0000000084b00000, 0x0000000084c00000, 0x0000000084c00000|100%| S|CS|TAMS 0x0000000084b00000, 0x0000000084b00000| Complete 
|  46|0x0000000084c00000, 0x0000000084d00000, 0x0000000084d00000|100%| S|CS|TAMS 0x0000000084c00000, 0x0000000084c00000| Complete 
|  47|0x0000000084d00000, 0x0000000084e00000, 0x0000000084e00000|100%| S|CS|TAMS 0x0000000084d00000, 0x0000000084d00000| Complete 
|  48|0x0000000084e00000, 0x0000000084f00000, 0x0000000084f00000|100%| S|CS|TAMS 0x0000000084e00000, 0x0000000084e00000| Complete 
|  49|0x0000000084f00000, 0x0000000085000000, 0x0000000085000000|100%| S|CS|TAMS 0x0000000084f00000, 0x0000000084f00000| Complete 
|  50|0x0000000085000000, 0x0000000085100000, 0x0000000085100000|100%| S|CS|TAMS 0x0000000085000000, 0x0000000085000000| Complete 
|  51|0x0000000085100000, 0x0000000085200000, 0x0000000085200000|100%| S|CS|TAMS 0x0000000085100000, 0x0000000085100000| Complete 
|  52|0x0000000085200000, 0x0000000085200000, 0x0000000085300000|  0%| F|  |TAMS 0x0000000085200000, 0x0000000085200000| Untracked 
|  53|0x0000000085300000, 0x0000000085300000, 0x0000000085400000|  0%| F|  |TAMS 0x0000000085300000, 0x0000000085300000| Untracked 
|  54|0x0000000085400000, 0x0000000085400000, 0x0000000085500000|  0%| F|  |TAMS 0x0000000085400000, 0x0000000085400000| Untracked 
|  55|0x0000000085500000, 0x0000000085500000, 0x0000000085600000|  0%| F|  |TAMS 0x0000000085500000, 0x0000000085500000| Untracked 
|  56|0x0000000085600000, 0x0000000085600000, 0x0000000085700000|  0%| F|  |TAMS 0x0000000085600000, 0x0000000085600000| Untracked 
|  57|0x0000000085700000, 0x0000000085700000, 0x0000000085800000|  0%| F|  |TAMS 0x0000000085700000, 0x0000000085700000| Untracked 
|  58|0x0000000085800000, 0x0000000085800000, 0x0000000085900000|  0%| F|  |TAMS 0x0000000085800000, 0x0000000085800000| Untracked 
|  59|0x0000000085900000, 0x0000000085900000, 0x0000000085a00000|  0%| F|  |TAMS 0x0000000085900000, 0x0000000085900000| Untracked 
|  60|0x0000000085a00000, 0x0000000085a00000, 0x0000000085b00000|  0%| F|  |TAMS 0x0000000085a00000, 0x0000000085a00000| Untracked 
|  61|0x0000000085b00000, 0x0000000085b00000, 0x0000000085c00000|  0%| F|  |TAMS 0x0000000085b00000, 0x0000000085b00000| Untracked 
|  62|0x0000000085c00000, 0x0000000085c00000, 0x0000000085d00000|  0%| F|  |TAMS 0x0000000085c00000, 0x0000000085c00000| Untracked 
|  63|0x0000000085d00000, 0x0000000085d00000, 0x0000000085e00000|  0%| F|  |TAMS 0x0000000085d00000, 0x0000000085d00000| Untracked 
|  64|0x0000000085e00000, 0x0000000085e00000, 0x0000000085f00000|  0%| F|  |TAMS 0x0000000085e00000, 0x0000000085e00000| Untracked 
|  65|0x0000000085f00000, 0x0000000085f00000, 0x0000000086000000|  0%| F|  |TAMS 0x0000000085f00000, 0x0000000085f00000| Untracked 
|  66|0x0000000086000000, 0x0000000086000000, 0x0000000086100000|  0%| F|  |TAMS 0x0000000086000000, 0x0000000086000000| Untracked 
|  67|0x0000000086100000, 0x0000000086100000, 0x0000000086200000|  0%| F|  |TAMS 0x0000000086100000, 0x0000000086100000| Untracked 
|  68|0x0000000086200000, 0x0000000086200000, 0x0000000086300000|  0%| F|  |TAMS 0x0000000086200000, 0x0000000086200000| Untracked 
|  69|0x0000000086300000, 0x0000000086300000, 0x0000000086400000|  0%| F|  |TAMS 0x0000000086300000, 0x0000000086300000| Untracked 
|  70|0x0000000086400000, 0x0000000086400000, 0x0000000086500000|  0%| F|  |TAMS 0x0000000086400000, 0x0000000086400000| Untracked 
|  71|0x0000000086500000, 0x0000000086500000, 0x0000000086600000|  0%| F|  |TAMS 0x0000000086500000, 0x0000000086500000| Untracked 
|  72|0x0000000086600000, 0x0000000086600000, 0x0000000086700000|  0%| F|  |TAMS 0x0000000086600000, 0x0000000086600000| Untracked 
|  73|0x0000000086700000, 0x0000000086700000, 0x0000000086800000|  0%| F|  |TAMS 0x0000000086700000, 0x0000000086700000| Untracked 
|  74|0x0000000086800000, 0x0000000086800000, 0x0000000086900000|  0%| F|  |TAMS 0x0000000086800000, 0x0000000086800000| Untracked 
|  75|0x0000000086900000, 0x0000000086900000, 0x0000000086a00000|  0%| F|  |TAMS 0x0000000086900000, 0x0000000086900000| Untracked 
|  76|0x0000000086a00000, 0x0000000086a00000, 0x0000000086b00000|  0%| F|  |TAMS 0x0000000086a00000, 0x0000000086a00000| Untracked 
|  77|0x0000000086b00000, 0x0000000086b00000, 0x0000000086c00000|  0%| F|  |TAMS 0x0000000086b00000, 0x0000000086b00000| Untracked 
|  78|0x0000000086c00000, 0x0000000086c00000, 0x0000000086d00000|  0%| F|  |TAMS 0x0000000086c00000, 0x0000000086c00000| Untracked 
|  79|0x0000000086d00000, 0x0000000086d00000, 0x0000000086e00000|  0%| F|  |TAMS 0x0000000086d00000, 0x0000000086d00000| Untracked 
|  80|0x0000000086e00000, 0x0000000086e00000, 0x0000000086f00000|  0%| F|  |TAMS 0x0000000086e00000, 0x0000000086e00000| Untracked 
|  81|0x0000000086f00000, 0x0000000086f00000, 0x0000000087000000|  0%| F|  |TAMS 0x0000000086f00000, 0x0000000086f00000| Untracked 
|  82|0x0000000087000000, 0x0000000087000000, 0x0000000087100000|  0%| F|  |TAMS 0x0000000087000000, 0x0000000087000000| Untracked 
|  83|0x0000000087100000, 0x0000000087100000, 0x0000000087200000|  0%| F|  |TAMS 0x0000000087100000, 0x0000000087100000| Untracked 
|  84|0x0000000087200000, 0x0000000087200000, 0x0000000087300000|  0%| F|  |TAMS 0x0000000087200000, 0x0000000087200000| Untracked 
|  85|0x0000000087300000, 0x0000000087300000, 0x0000000087400000|  0%| F|  |TAMS 0x0000000087300000, 0x0000000087300000| Untracked 
|  86|0x0000000087400000, 0x0000000087400000, 0x0000000087500000|  0%| F|  |TAMS 0x0000000087400000, 0x0000000087400000| Untracked 
|  87|0x0000000087500000, 0x0000000087500000, 0x0000000087600000|  0%| F|  |TAMS 0x0000000087500000, 0x0000000087500000| Untracked 
|  88|0x0000000087600000, 0x0000000087600000, 0x0000000087700000|  0%| F|  |TAMS 0x0000000087600000, 0x0000000087600000| Untracked 
|  89|0x0000000087700000, 0x0000000087700000, 0x0000000087800000|  0%| F|  |TAMS 0x0000000087700000, 0x0000000087700000| Untracked 
|  90|0x0000000087800000, 0x0000000087800000, 0x0000000087900000|  0%| F|  |TAMS 0x0000000087800000, 0x0000000087800000| Untracked 
|  91|0x0000000087900000, 0x0000000087900000, 0x0000000087a00000|  0%| F|  |TAMS 0x0000000087900000, 0x0000000087900000| Untracked 
|  92|0x0000000087a00000, 0x0000000087a00000, 0x0000000087b00000|  0%| F|  |TAMS 0x0000000087a00000, 0x0000000087a00000| Untracked 
|  93|0x0000000087b00000, 0x0000000087b00000, 0x0000000087c00000|  0%| F|  |TAMS 0x0000000087b00000, 0x0000000087b00000| Untracked 
|  94|0x0000000087c00000, 0x0000000087c00000, 0x0000000087d00000|  0%| F|  |TAMS 0x0000000087c00000, 0x0000000087c00000| Untracked 
|  95|0x0000000087d00000, 0x0000000087d00000, 0x0000000087e00000|  0%| F|  |TAMS 0x0000000087d00000, 0x0000000087d00000| Untracked 
|  96|0x0000000087e00000, 0x0000000087e00000, 0x0000000087f00000|  0%| F|  |TAMS 0x0000000087e00000, 0x0000000087e00000| Untracked 
|  97|0x0000000087f00000, 0x0000000087f00000, 0x0000000088000000|  0%| F|  |TAMS 0x0000000087f00000, 0x0000000087f00000| Untracked 
|  98|0x0000000088000000, 0x0000000088000000, 0x0000000088100000|  0%| F|  |TAMS 0x0000000088000000, 0x0000000088000000| Untracked 
|  99|0x0000000088100000, 0x0000000088100000, 0x0000000088200000|  0%| F|  |TAMS 0x0000000088100000, 0x0000000088100000| Untracked 
| 100|0x0000000088200000, 0x0000000088200000, 0x0000000088300000|  0%| F|  |TAMS 0x0000000088200000, 0x0000000088200000| Untracked 
| 101|0x0000000088300000, 0x0000000088300000, 0x0000000088400000|  0%| F|  |TAMS 0x0000000088300000, 0x0000000088300000| Untracked 
| 102|0x0000000088400000, 0x0000000088400000, 0x0000000088500000|  0%| F|  |TAMS 0x0000000088400000, 0x0000000088400000| Untracked 
| 103|0x0000000088500000, 0x0000000088500000, 0x0000000088600000|  0%| F|  |TAMS 0x0000000088500000, 0x0000000088500000| Untracked 
| 104|0x0000000088600000, 0x0000000088600000, 0x0000000088700000|  0%| F|  |TAMS 0x0000000088600000, 0x0000000088600000| Untracked 
| 105|0x0000000088700000, 0x0000000088700000, 0x0000000088800000|  0%| F|  |TAMS 0x0000000088700000, 0x0000000088700000| Untracked 
| 106|0x0000000088800000, 0x0000000088900000, 0x0000000088900000|100%| E|  |TAMS 0x0000000088800000, 0x0000000088800000| Complete 
| 107|0x0000000088900000, 0x0000000088a00000, 0x0000000088a00000|100%| E|CS|TAMS 0x0000000088900000, 0x0000000088900000| Complete 
| 108|0x0000000088a00000, 0x0000000088b00000, 0x0000000088b00000|100%| E|CS|TAMS 0x0000000088a00000, 0x0000000088a00000| Complete 
| 109|0x0000000088b00000, 0x0000000088c00000, 0x0000000088c00000|100%| E|CS|TAMS 0x0000000088b00000, 0x0000000088b00000| Complete 
| 110|0x0000000088c00000, 0x0000000088d00000, 0x0000000088d00000|100%| E|CS|TAMS 0x0000000088c00000, 0x0000000088c00000| Complete 
| 111|0x0000000088d00000, 0x0000000088e00000, 0x0000000088e00000|100%| E|CS|TAMS 0x0000000088d00000, 0x0000000088d00000| Complete 
| 112|0x0000000088e00000, 0x0000000088f00000, 0x0000000088f00000|100%| E|CS|TAMS 0x0000000088e00000, 0x0000000088e00000| Complete 
| 113|0x0000000088f00000, 0x0000000089000000, 0x0000000089000000|100%| E|CS|TAMS 0x0000000088f00000, 0x0000000088f00000| Complete 
| 114|0x0000000089000000, 0x0000000089100000, 0x0000000089100000|100%| E|CS|TAMS 0x0000000089000000, 0x0000000089000000| Complete 
| 115|0x0000000089100000, 0x0000000089200000, 0x0000000089200000|100%| E|CS|TAMS 0x0000000089100000, 0x0000000089100000| Complete 
| 116|0x0000000089200000, 0x0000000089300000, 0x0000000089300000|100%| E|CS|TAMS 0x0000000089200000, 0x0000000089200000| Complete 
| 117|0x0000000089300000, 0x0000000089400000, 0x0000000089400000|100%| E|CS|TAMS 0x0000000089300000, 0x0000000089300000| Complete 
| 118|0x0000000089400000, 0x0000000089500000, 0x0000000089500000|100%| E|CS|TAMS 0x0000000089400000, 0x0000000089400000| Complete 
| 119|0x0000000089500000, 0x0000000089600000, 0x0000000089600000|100%| E|CS|TAMS 0x0000000089500000, 0x0000000089500000| Complete 
| 120|0x0000000089600000, 0x0000000089700000, 0x0000000089700000|100%| E|CS|TAMS 0x0000000089600000, 0x0000000089600000| Complete 
| 121|0x0000000089700000, 0x0000000089800000, 0x0000000089800000|100%| E|CS|TAMS 0x0000000089700000, 0x0000000089700000| Complete 
| 122|0x0000000089800000, 0x0000000089900000, 0x0000000089900000|100%| E|CS|TAMS 0x0000000089800000, 0x0000000089800000| Complete 
| 123|0x0000000089900000, 0x0000000089a00000, 0x0000000089a00000|100%| E|CS|TAMS 0x0000000089900000, 0x0000000089900000| Complete 
| 124|0x0000000089a00000, 0x0000000089b00000, 0x0000000089b00000|100%| E|CS|TAMS 0x0000000089a00000, 0x0000000089a00000| Complete 
| 125|0x0000000089b00000, 0x0000000089c00000, 0x0000000089c00000|100%| E|CS|TAMS 0x0000000089b00000, 0x0000000089b00000| Complete 
| 126|0x0000000089c00000, 0x0000000089d00000, 0x0000000089d00000|100%| E|CS|TAMS 0x0000000089c00000, 0x0000000089c00000| Complete 
| 127|0x0000000089d00000, 0x0000000089e00000, 0x0000000089e00000|100%| E|CS|TAMS 0x0000000089d00000, 0x0000000089d00000| Complete 

Card table byte_map: [0x00000294a9960000,0x00000294a9d60000] _byte_map_base: 0x00000294a9551000

Marking Bits (Prev, Next): (CMBitMap*) 0x00000294ae080ba8, (CMBitMap*) 0x00000294ae080be8
 Prev Bits: [0x00000294aa160000, 0x00000294ac0e8000)
 Next Bits: [0x00000294ac0f0000, 0x00000294ae078000)

Polling page: 0x00000294913f0000

Metaspace:

Usage:
  Non-class:      9.84 MB capacity,     9.54 MB ( 97%) used,   262.61 KB (  3%) free+waste,    48.13 KB ( <1%) overhead. 
      Class:      1.49 MB capacity,     1.24 MB ( 83%) used,   226.73 KB ( 15%) free+waste,    25.81 KB (  2%) overhead. 
       Both:     11.33 MB capacity,    10.78 MB ( 95%) used,   489.34 KB (  4%) free+waste,    73.94 KB ( <1%) overhead. 

Virtual space:
  Non-class space:       10.00 MB reserved,      10.00 MB (100%) committed 
      Class space:        1.00 GB reserved,       1.50 MB ( <1%) committed 
             Both:        1.01 GB reserved,      11.50 MB (  1%) committed 

Chunk freelists:
   Non-Class:  36.00 KB
       Class:  15.00 KB
        Both:  51.00 KB

MaxMetaspaceSize: 17179869184.00 GB
CompressedClassSpaceSize: 1.00 GB

CodeHeap 'non-profiled nmethods': size=120000Kb used=894Kb max_used=894Kb free=119105Kb
 bounds [0x00000294a1bf0000, 0x00000294a1e60000, 0x00000294a9120000]
CodeHeap 'profiled nmethods': size=120000Kb used=4080Kb max_used=4080Kb free=115919Kb
 bounds [0x000002949a6c0000, 0x000002949aac0000, 0x00000294a1bf0000]
CodeHeap 'non-nmethods': size=5760Kb used=1205Kb max_used=1261Kb free=4554Kb
 bounds [0x000002949a120000, 0x000002949a390000, 0x000002949a6c0000]
 total_blobs=3087 nmethods=1886 adapters=375
 compilation: enabled
              stopped_count=0, restarted_count=0
 full_count=0

Compilation events (20 events):
Event: 1.473 Thread 0x00000294ae268000 nmethod 1869 0x000002949aab2d90 code [0x000002949aab2f60, 0x000002949aab33b8]
Event: 1.473 Thread 0x00000294ae268000 1870       3       java.util.LinkedHashMap$LinkedKeySet::iterator (12 bytes)
Event: 1.473 Thread 0x00000294ae268000 nmethod 1870 0x000002949aab3510 code [0x000002949aab36e0, 0x000002949aab3b18]
Event: 1.473 Thread 0x00000294ae268000 1871       3       java.util.LinkedHashMap$LinkedKeyIterator::<init> (11 bytes)
Event: 1.473 Thread 0x00000294ae268000 nmethod 1871 0x000002949aab3c90 code [0x000002949aab3e40, 0x000002949aab41d8]
Event: 1.484 Thread 0x00000294b215c800 nmethod 1868 0x00000294a1cc8290 code [0x00000294a1cc8440, 0x00000294a1cc95b8]
Event: 1.484 Thread 0x00000294b215c800 1838       4       java.lang.ref.Cleaner$1::apply (9 bytes)
Event: 1.485 Thread 0x00000294b215c800 nmethod 1838 0x00000294a1cc9910 code [0x00000294a1cc9aa0, 0x00000294a1cc9b58]
Event: 1.485 Thread 0x00000294b215c800 1835       4       java.lang.ThreadLocal::get (38 bytes)
Event: 1.485 Thread 0x00000294ae264800 nmethod 1864 0x00000294a1cc9c10 code [0x00000294a1cc9e60, 0x00000294a1ccbbd0]
Event: 1.485 Thread 0x00000294ae264800 1836       4       java.lang.ThreadLocal$ThreadLocalMap::getEntry (42 bytes)
Event: 1.486 Thread 0x00000294ae264800 nmethod 1836 0x00000294a1ccce10 code [0x00000294a1cccfa0, 0x00000294a1ccd128]
Event: 1.486 Thread 0x00000294ae264800 1872       4       org.springframework.asm.ClassReader::readMethod (1055 bytes)
Event: 1.487 Thread 0x00000294b215c800 nmethod 1835 0x00000294a1ccd290 code [0x00000294a1ccd440, 0x00000294a1ccd5f8]
Event: 1.487 Thread 0x00000294b215c800 1862       4       java.util.zip.Inflater::ensureOpen (47 bytes)
Event: 1.487 Thread 0x00000294b215c800 nmethod 1862 0x00000294a1ccd790 code [0x00000294a1ccd920, 0x00000294a1ccd9d8]
Event: 1.487 Thread 0x00000294b215c800 1809       4       org.springframework.core.io.UrlResource::getCleanedUrl (47 bytes)
Event: 1.518 Thread 0x00000294ae268000 1881       1       org.springframework.util.ConcurrentReferenceHashMap$SoftEntryReference::getHash (5 bytes)
Event: 1.518 Thread 0x00000294ae268000 nmethod 1881 0x00000294a1ccda90 code [0x00000294a1ccdc20, 0x00000294a1ccdd58]
Event: 1.519 Thread 0x00000294ae268000 1882       3       org.springframework.util.ConcurrentReferenceHashMap$SoftEntryReference::get (8 bytes)

GC Heap History (4 events):
Event: 0.824 GC heap before
{Heap before GC invocations=0 (full 0):
 garbage-first heap   total 131072K, used 23552K [0x0000000081e00000, 0x0000000100000000)
  region size 1024K, 24 young (24576K), 0 survivors (0K)
 Metaspace       used 9659K, capacity 10149K, committed 10368K, reserved 1058816K
  class space    used 1153K, capacity 1378K, committed 1408K, reserved 1048576K
}
Event: 0.830 GC heap after
{Heap after GC invocations=1 (full 0):
 garbage-first heap   total 131072K, used 4402K [0x0000000081e00000, 0x0000000100000000)
  region size 1024K, 3 young (3072K), 3 survivors (3072K)
 Metaspace       used 9659K, capacity 10149K, committed 10368K, reserved 1058816K
  class space    used 1153K, capacity 1378K, committed 1408K, reserved 1048576K
}
Event: 1.364 GC heap before
{Heap before GC invocations=1 (full 0):
 garbage-first heap   total 131072K, used 79154K [0x0000000081e00000, 0x0000000100000000)
  region size 1024K, 76 young (77824K), 3 survivors (3072K)
 Metaspace       used 10803K, capacity 11294K, committed 11520K, reserved 1058816K
  class space    used 1238K, capacity 1440K, committed 1536K, reserved 1048576K
}
Event: 1.375 GC heap after
{Heap after GC invocations=2 (full 0):
 garbage-first heap   total 131072K, used 9778K [0x0000000081e00000, 0x0000000100000000)
  region size 1024K, 9 young (9216K), 9 survivors (9216K)
 Metaspace       used 10803K, capacity 11294K, committed 11520K, reserved 1058816K
  class space    used 1238K, capacity 1440K, committed 1536K, reserved 1048576K
}

Deoptimization events (20 events):
Event: 1.423 Thread 0x0000029491cae800 DEOPT PACKING pc=0x000002949a9d5d3c sp=0x000000a620ffb100
Event: 1.423 Thread 0x0000029491cae800 DEOPT UNPACKING pc=0x000002949a16964e sp=0x000000a620ffa6a0 mode 0
Event: 1.424 Thread 0x0000029491cae800 DEOPT PACKING pc=0x000002949a9f7a51 sp=0x000000a620ffb0d0
Event: 1.424 Thread 0x0000029491cae800 DEOPT UNPACKING pc=0x000002949a16964e sp=0x000000a620ffa598 mode 0
Event: 1.436 Thread 0x0000029491cae800 DEOPT PACKING pc=0x000002949aa2513e sp=0x000000a620ffb9d0
Event: 1.436 Thread 0x0000029491cae800 DEOPT UNPACKING pc=0x000002949a16964e sp=0x000000a620ffaef0 mode 0
Event: 1.436 Thread 0x0000029491cae800 DEOPT PACKING pc=0x000002949a9d5d3c sp=0x000000a620ffae60
Event: 1.436 Thread 0x0000029491cae800 DEOPT UNPACKING pc=0x000002949a16964e sp=0x000000a620ffa400 mode 0
Event: 1.437 Thread 0x0000029491cae800 DEOPT PACKING pc=0x000002949a9f7a51 sp=0x000000a620ffb0d0
Event: 1.437 Thread 0x0000029491cae800 DEOPT UNPACKING pc=0x000002949a16964e sp=0x000000a620ffa598 mode 0
Event: 1.449 Thread 0x0000029491cae800 DEOPT PACKING pc=0x000002949a9d5d3c sp=0x000000a620ffb100
Event: 1.449 Thread 0x0000029491cae800 DEOPT UNPACKING pc=0x000002949a16964e sp=0x000000a620ffa6a0 mode 0
Event: 1.450 Thread 0x0000029491cae800 DEOPT PACKING pc=0x000002949aa2513e sp=0x000000a620ffb9d0
Event: 1.450 Thread 0x0000029491cae800 DEOPT UNPACKING pc=0x000002949a16964e sp=0x000000a620ffaef0 mode 0
Event: 1.458 Thread 0x0000029491cae800 DEOPT PACKING pc=0x000002949a9d5d3c sp=0x000000a620ffae60
Event: 1.459 Thread 0x0000029491cae800 DEOPT UNPACKING pc=0x000002949a16964e sp=0x000000a620ffa400 mode 0
Event: 1.472 Thread 0x0000029491cae800 DEOPT PACKING pc=0x000002949a9d5d3c sp=0x000000a620ffb100
Event: 1.472 Thread 0x0000029491cae800 DEOPT UNPACKING pc=0x000002949a16964e sp=0x000000a620ffa6a0 mode 0
Event: 1.483 Thread 0x0000029491cae800 DEOPT PACKING pc=0x000002949a9d5d3c sp=0x000000a620ffae60
Event: 1.483 Thread 0x0000029491cae800 DEOPT UNPACKING pc=0x000002949a16964e sp=0x000000a620ffa400 mode 0

Classes unloaded (0 events):
No events

Classes redefined (0 events):
No events

Internal exceptions (20 events):
Event: 0.421 Thread 0x0000029491cae800 Exception <a 'java/lang/NoSuchMethodError'{0x0000000089450b60}: 'java.lang.Object java.lang.invoke.DirectMethodHandle$Holder.invokeSpecialIFC(java.lang.Object, java.lang.Object, java.lang.Object, java.lang.Object)'> (0x0000000089450b60) 
thrown [t:/workspace/open/src/hotspot/share/interpreter/linkResolver.cpp, line 767]
Event: 0.436 Thread 0x0000029491cae800 Exception <a 'java/lang/NoSuchMethodError'{0x00000000894c4f88}: 'int java.lang.invoke.DirectMethodHandle$Holder.invokeVirtual(java.lang.Object, java.lang.Object, java.lang.Object)'> (0x00000000894c4f88) 
thrown [t:/workspace/open/src/hotspot/share/interpreter/linkResolver.cpp, line 767]
Event: 0.439 Thread 0x0000029491cae800 Exception <a 'java/lang/NoSuchMethodError'{0x00000000894dedb0}: 'void java.lang.invoke.DirectMethodHandle$Holder.invokeInterface(java.lang.Object, java.lang.Object)'> (0x00000000894dedb0) 
thrown [t:/workspace/open/src/hotspot/share/interpreter/linkResolver.cpp, line 767]
Event: 0.439 Thread 0x0000029491cae800 Exception <a 'java/lang/IncompatibleClassChangeError'{0x00000000894e17a0}: Found class java.lang.Object, but interface was expected> (0x00000000894e17a0) 
thrown [t:/workspace/open/src/hotspot/share/interpreter/linkResolver.cpp, line 833]
Event: 0.441 Thread 0x0000029491cae800 Exception <a 'java/lang/NoSuchMethodError'{0x00000000894f04f0}: 'void java.lang.invoke.DirectMethodHandle$Holder.invokeStatic(java.lang.Object, java.lang.Object, java.lang.Object, java.lang.Object)'> (0x00000000894f04f0) 
thrown [t:/workspace/open/src/hotspot/share/interpreter/linkResolver.cpp, line 767]
Event: 0.482 Thread 0x0000029491cae800 Exception <a 'java/lang/NoSuchMethodError'{0x00000000892b2af8}: 'void java.lang.invoke.DirectMethodHandle$Holder.invokeInterface(java.lang.Object, java.lang.Object, java.lang.Object, java.lang.Object)'> (0x00000000892b2af8) 
thrown [t:/workspace/open/src/hotspot/share/interpreter/linkResolver.cpp, line 767]
Event: 0.482 Thread 0x0000029491cae800 Exception <a 'java/lang/IncompatibleClassChangeError'{0x00000000892b5520}: Found class java.lang.Object, but interface was expected> (0x00000000892b5520) 
thrown [t:/workspace/open/src/hotspot/share/interpreter/linkResolver.cpp, line 833]
Event: 0.485 Thread 0x0000029491cae800 Exception <a 'java/lang/NoSuchMethodError'{0x00000000892d2468}: 'java.lang.Object java.lang.invoke.DirectMethodHandle$Holder.invokeVirtual(java.lang.Object, java.lang.Object, java.lang.Object)'> (0x00000000892d2468) 
thrown [t:/workspace/open/src/hotspot/share/interpreter/linkResolver.cpp, line 767]
Event: 0.505 Thread 0x0000029491cae800 Exception <a 'java/lang/NoSuchMethodError'{0x00000000891c3c28}: 'void java.lang.invoke.DirectMethodHandle$Holder.invokeSpecial(java.lang.Object, java.lang.Object)'> (0x00000000891c3c28) 
thrown [t:/workspace/open/src/hotspot/share/interpreter/linkResolver.cpp, line 767]
Event: 0.512 Thread 0x0000029491cae800 Exception <a 'java/lang/NoSuchMethodError'{0x0000000089003d30}: 'int java.lang.invoke.DirectMethodHandle$Holder.invokeStatic(java.lang.Object, java.lang.Object, java.lang.Object, java.lang.Object, java.lang.Object)'> (0x0000000089003d30) 
thrown [t:/workspace/open/src/hotspot/share/interpreter/linkResolver.cpp, line 767]
Event: 0.529 Thread 0x0000029491cae800 Exception <a 'java/lang/NoSuchMethodError'{0x00000000890bdea0}: 'int java.lang.invoke.DirectMethodHandle$Holder.invokeStaticInit(java.lang.Object, java.lang.Object, java.lang.Object)'> (0x00000000890bdea0) 
thrown [t:/workspace/open/src/hotspot/share/interpreter/linkResolver.cpp, line 767]
Event: 0.549 Thread 0x0000029491cae800 Exception <a 'java/lang/NoSuchMethodError'{0x0000000088f64a68}: 'int java.lang.invoke.DirectMethodHandle$Holder.invokeStaticInit(java.lang.Object, java.lang.Object)'> (0x0000000088f64a68) 
thrown [t:/workspace/open/src/hotspot/share/interpreter/linkResolver.cpp, line 767]
Event: 0.593 Thread 0x0000029491cae800 Exception <a 'java/lang/NoClassDefFoundError'{0x0000000088ee3d90}: org/apache/log4j/Priority> (0x0000000088ee3d90) 
thrown [t:/workspace/open/src/hotspot/share/classfile/systemDictionary.cpp, line 221]
Event: 0.703 Thread 0x0000029491cae800 Exception <a 'java/lang/ClassNotFoundException'{0x0000000088a73bd8}: com/sun/org/apache/xerces/internal/impl/xpath/regex/spi/messageProvider> (0x0000000088a73bd8) 
thrown [t:/workspace/open/src/hotspot/share/classfile/systemDictionary.cpp, line 232]
Event: 0.807 Thread 0x0000029491cae800 Implicit null exception at 0x00000294a1c2c804 to 0x00000294a1c2cd1e
Event: 0.807 Thread 0x0000029491cae800 Implicit null exception at 0x00000294a1c28c84 to 0x00000294a1c29172
Event: 0.843 Thread 0x0000029491cae800 Exception <a 'java/io/FileNotFoundException'{0x0000000089d2c058}> (0x0000000089d2c058) 
thrown [t:/workspace/open/src/hotspot/share/prims/jni.cpp, line 598]
Event: 0.843 Thread 0x0000029491cae800 Exception <a 'java/io/FileNotFoundException'{0x0000000089d2db78}> (0x0000000089d2db78) 
thrown [t:/workspace/open/src/hotspot/share/prims/jni.cpp, line 598]
Event: 1.094 Thread 0x0000029491cae800 Exception <a 'java/lang/NoSuchMethodError'{0x00000000869c6310}: 'int java.lang.invoke.DirectMethodHandle$Holder.invokeInterface(java.lang.Object, java.lang.Object)'> (0x00000000869c6310) 
thrown [t:/workspace/open/src/hotspot/share/interpreter/linkResolver.cpp, line 767]
Event: 1.332 Thread 0x0000029491cae800 Implicit null exception at 0x00000294a1c572f1 to 0x00000294a1c57d7a

Events (20 events):
Event: 1.470 loading class kotlin/Metadata
Event: 1.470 loading class kotlin/Metadata done
Event: 1.470 loading class kotlin$Metadata
Event: 1.470 loading class kotlin$Metadata done
Event: 1.471 loading class kotlin/coroutines/jvm/internal/DebugMetadata
Event: 1.471 loading class kotlin/coroutines/jvm/internal/DebugMetadata done
Event: 1.471 loading class kotlin/coroutines/jvm/internal$DebugMetadata
Event: 1.471 loading class kotlin/coroutines/jvm/internal$DebugMetadata done
Event: 1.471 loading class kotlin/Metadata
Event: 1.471 loading class kotlin/Metadata done
Event: 1.471 loading class kotlin$Metadata
Event: 1.471 loading class kotlin$Metadata done
Event: 1.471 loading class kotlin/Metadata
Event: 1.471 loading class kotlin/Metadata done
Event: 1.471 loading class kotlin$Metadata
Event: 1.471 loading class kotlin$Metadata done
Event: 1.514 loading class org/springframework/objenesis/instantiator/annotations/Instantiator
Event: 1.514 loading class org/springframework/objenesis/instantiator/annotations/Instantiator done
Event: 1.514 loading class org/springframework/objenesis/instantiator/annotations/Typology
Event: 1.514 loading class org/springframework/objenesis/instantiator/annotations/Typology done


Dynamic libraries:
0x00007ff691c70000 - 0x00007ff691c7f000 	C:\Program Files\Java\jdk-13.0.2\bin\java.exe
0x00007ff92e460000 - 0x00007ff92e650000 	C:\WINDOWS\SYSTEM32\ntdll.dll
0x00007ff92e100000 - 0x00007ff92e1b2000 	C:\WINDOWS\System32\KERNEL32.DLL
0x00007ff92bde0000 - 0x00007ff92c085000 	C:\WINDOWS\System32\KERNELBASE.dll
0x00007ff92bb90000 - 0x00007ff92bc8a000 	C:\WINDOWS\System32\ucrtbase.dll
0x00007ff91e2d0000 - 0x00007ff91e2e8000 	C:\Program Files\Java\jdk-13.0.2\bin\jli.dll
0x00007ff92c9b0000 - 0x00007ff92ca53000 	C:\WINDOWS\System32\ADVAPI32.dll
0x00007ff91e3f0000 - 0x00007ff91e405000 	C:\Program Files\Java\jdk-13.0.2\bin\VCRUNTIME140.dll
0x00007ff92e250000 - 0x00007ff92e2ee000 	C:\WINDOWS\System32\msvcrt.dll
0x00007ff92c690000 - 0x00007ff92c727000 	C:\WINDOWS\System32\sechost.dll
0x00007ff92c510000 - 0x00007ff92c630000 	C:\WINDOWS\System32\RPCRT4.dll
0x00007ff92ddb0000 - 0x00007ff92df44000 	C:\WINDOWS\System32\USER32.dll
0x00007ff92bd30000 - 0x00007ff92bd51000 	C:\WINDOWS\System32\win32u.dll
0x00007ff92cc20000 - 0x00007ff92cc46000 	C:\WINDOWS\System32\GDI32.dll
0x00007ff92c290000 - 0x00007ff92c426000 	C:\WINDOWS\System32\gdi32full.dll
0x00007ff92bc90000 - 0x00007ff92bd2e000 	C:\WINDOWS\System32\msvcp_win.dll
0x00007ff91cfc0000 - 0x00007ff91d244000 	C:\WINDOWS\WinSxS\amd64_microsoft.windows.common-controls_6595b64144ccf1df_6.0.18362.1198_none_9e820b57e45ad92f\COMCTL32.dll
0x00007ff92d920000 - 0x00007ff92dc55000 	C:\WINDOWS\System32\combase.dll
0x00007ff925710000 - 0x00007ff92571a000 	C:\WINDOWS\SYSTEM32\VERSION.dll
0x00007ff92bd60000 - 0x00007ff92bde0000 	C:\WINDOWS\System32\bcryptPrimitives.dll
0x00007ff92cac0000 - 0x00007ff92caee000 	C:\WINDOWS\System32\IMM32.DLL
0x00007ff923610000 - 0x00007ff9236e0000 	C:\WINDOWS\system32\tmumh\20019\AddOn\7.30.0.1121\TmUmEvt64.dll
0x00007ff92d220000 - 0x00007ff92d228000 	C:\WINDOWS\System32\PSAPI.DLL
0x00007ff92c630000 - 0x00007ff92c682000 	C:\WINDOWS\System32\SHLWAPI.dll
0x0000000073c20000 - 0x0000000073d6c000 	C:\WINDOWS\system32\tmumh\20019\TmMon\2.6.0.2038\tmmon64.dll
0x00007ff914de0000 - 0x00007ff914e7b000 	C:\Program Files\Java\jdk-13.0.2\bin\msvcp140.dll
0x00007ff8d14e0000 - 0x00007ff8d203d000 	C:\Program Files\Java\jdk-13.0.2\bin\server\jvm.dll
0x00007ff926230000 - 0x00007ff926239000 	C:\WINDOWS\SYSTEM32\WSOCK32.dll
0x00007ff92cba0000 - 0x00007ff92cc0f000 	C:\WINDOWS\System32\WS2_32.dll
0x00007ff923bc0000 - 0x00007ff923be4000 	C:\WINDOWS\SYSTEM32\WINMM.dll
0x00007ff923b10000 - 0x00007ff923b3d000 	C:\WINDOWS\SYSTEM32\WINMMBASE.dll
0x00007ff92c460000 - 0x00007ff92c4aa000 	C:\WINDOWS\System32\cfgmgr32.dll
0x00007ff92b3c0000 - 0x00007ff92b3d1000 	C:\WINDOWS\System32\kernel.appcore.dll
0x00007ff91e2c0000 - 0x00007ff91e2d0000 	C:\Program Files\Java\jdk-13.0.2\bin\verify.dll
0x00007ff928950000 - 0x00007ff928b44000 	C:\WINDOWS\SYSTEM32\DBGHELP.DLL
0x00007ff91c4f0000 - 0x00007ff91c51a000 	C:\WINDOWS\SYSTEM32\dbgcore.DLL
0x00007ff91dc90000 - 0x00007ff91dcb6000 	C:\Program Files\Java\jdk-13.0.2\bin\java.dll
0x00007ff929160000 - 0x00007ff92916e000 	C:\Program Files\Java\jdk-13.0.2\bin\instrument.dll
0x00007ff91cdc0000 - 0x00007ff91cdd7000 	C:\Program Files\Java\jdk-13.0.2\bin\zip.dll
0x00007ff91d260000 - 0x00007ff91d26a000 	C:\Program Files\Java\jdk-13.0.2\bin\jimage.dll
0x00007ff92d230000 - 0x00007ff92d917000 	C:\WINDOWS\System32\SHELL32.dll
0x00007ff92caf0000 - 0x00007ff92cb99000 	C:\WINDOWS\System32\shcore.dll
0x00007ff92b3e0000 - 0x00007ff92bb61000 	C:\WINDOWS\System32\windows.storage.dll
0x00007ff92b370000 - 0x00007ff92b393000 	C:\WINDOWS\System32\profapi.dll
0x00007ff92b320000 - 0x00007ff92b36a000 	C:\WINDOWS\System32\powrprof.dll
0x00007ff92b310000 - 0x00007ff92b320000 	C:\WINDOWS\System32\UMPDC.dll
0x00007ff92bb70000 - 0x00007ff92bb87000 	C:\WINDOWS\System32\cryptsp.dll
0x00007ff91cda0000 - 0x00007ff91cdb9000 	C:\Program Files\Java\jdk-13.0.2\bin\net.dll
0x00007ff928df0000 - 0x00007ff928ee0000 	C:\WINDOWS\SYSTEM32\WINHTTP.dll
0x00007ff92ab60000 - 0x00007ff92abc7000 	C:\WINDOWS\system32\mswsock.dll
0x00007ff91cd80000 - 0x00007ff91cd93000 	C:\Program Files\Java\jdk-13.0.2\bin\nio.dll
0x00007ff922c30000 - 0x00007ff922c4a000 	C:\Program Files\JetBrains\IntelliJ IDEA 2019.3.2\bin\breakgen64.dll

dbghelp: loaded successfully - version: 4.0.5 - missing functions: none
symbol engine: initialized successfully - sym options: 0x614 - pdb path: .;C:\Program Files\Java\jdk-13.0.2\bin;C:\WINDOWS\SYSTEM32;C:\WINDOWS\WinSxS\amd64_microsoft.windows.common-controls_6595b64144ccf1df_6.0.18362.1198_none_9e820b57e45ad92f;C:\WINDOWS\system32\tmumh\20019\AddOn\7.30.0.1121;C:\WINDOWS\system32\tmumh\20019\TmMon\2.6.0.2038;C:\Program Files\Java\jdk-13.0.2\bin\server;C:\Program Files\JetBrains\IntelliJ IDEA 2019.3.2\bin

VM Arguments:
jvm_args: -ea -Didea.test.cyclic.buffer.size=1048576 -javaagent:C:\Program Files\JetBrains\IntelliJ IDEA 2019.3.2\lib\idea_rt.jar=64087:C:\Program Files\JetBrains\IntelliJ IDEA 2019.3.2\bin -Dfile.encoding=UTF-8 
java_command: com.intellij.rt.junit.JUnitStarter -ideVersion5 -junit5 bean.UserControllerTest,insert
java_class_path (initial): C:\Program Files\JetBrains\IntelliJ IDEA 2019.3.2\lib\idea_rt.jar;C:\Program Files\JetBrains\IntelliJ IDEA 2019.3.2\plugins\junit\lib\junit5-rt.jar;C:\Program Files\JetBrains\IntelliJ IDEA 2019.3.2\plugins\junit\lib\junit-rt.jar;F:\JavaEE\JavaEE\sy6\5-Spring-181002424\out\production\5-Spring-181002424;F:\JavaEE\JavaEE\sy6\5-Spring-181002424\lib\commons-logging-1.2.jar;F:\JavaEE\JavaEE\sy6\5-Spring-181002424\lib\spring-aop-5.2.9.RELEASE.jar;F:\JavaEE\JavaEE\sy6\5-Spring-181002424\lib\spring-core-5.2.9.RELEASE.jar;F:\JavaEE\JavaEE\sy6\5-Spring-181002424\lib\spring-beans-5.2.9.RELEASE.jar;F:\JavaEE\JavaEE\sy6\5-Spring-181002424\lib\spring-context-5.2.9.RELEASE.jar;F:\JavaEE\JavaEE\sy6\5-Spring-181002424\lib\spring-expression-5.2.9.RELEASE.jar;F:\JavaEE\tools\apache-tomcat-9.0.24\lib\jsp-api.jar;F:\JavaEE\tools\apache-tomcat-9.0.24\lib\servlet-api.jar;F:\JavaEE\mybatis-3.4.5.jar;F:\JavaEE\mysql-connector-java-8.0.22.jar;F:\JavaEE\commons-dbcp2-2.2.0.jar;F:\JavaEE\mybatis-spring-1.3.1.jar;F:\JavaEE\spring-jdbc-5.0.2.RELEASE.jar;F:\JavaEE\spring-tx-5.0.2.RELEASE.jar;C:\Users\ad\.m2\repository\junit\junit\4.12\junit-4.12.jar;C:\Users\ad\.m2\repository\org\hamcrest\hamcrest-core\1.3\hamcrest-core-1.3.jar;C:\Users\ad\.m2\repository\org\junit\jupiter\junit-jupiter\5.4.2\junit-jupiter-5.4.2.jar;C:\Users\ad\.m2\repository\org\junit\jupiter\junit-jupiter-api\5.4.2\junit-jupiter-api-5.4.2.jar;C:\Users\ad\.m2\repository\org\apiguardian\apiguardian-api\1.0.0\apiguardian-api-1.0.0.jar;C:\Users\ad\.m2\repository\org\opentest4j\opentest4j\1.1.1\opentest4j-1.1.1.jar;C:\Users\ad\.m2\repository\org\junit\platform\junit-platform-commons\1.4.2\junit-platform-commons-1.4.2.jar;C:\Users\ad\.m2\repository\org\junit\jupiter\junit-jupiter-params\5.4.2\junit-jupiter-params-5.4.2.jar;C:\Users\ad\.m2\repository\org\junit\jupiter\junit-jupiter-engine\5.4.2\junit-jupiter-engine-5.4.2.jar;C:\Users\ad\.m2\repository\org\junit\platform\junit-platform-engine\1.4.2\junit-plat
Launcher Type: SUN_STANDARD

[Global flags]
     intx CICompilerCount                          = 4                                         {product} {ergonomic}
     uint ConcGCThreads                            = 2                                         {product} {ergonomic}
     uint G1ConcRefinementThreads                  = 8                                         {product} {ergonomic}
   size_t G1HeapRegionSize                         = 1048576                                   {product} {ergonomic}
    uintx GCDrainStackTargetSize                   = 64                                        {product} {ergonomic}
   size_t InitialHeapSize                          = 134217728                                 {product} {ergonomic}
   size_t MarkStackSize                            = 4194304                                   {product} {ergonomic}
   size_t MaxHeapSize                              = 2116026368                                {product} {ergonomic}
   size_t MaxNewSize                               = 1268776960                                {product} {ergonomic}
   size_t MinHeapDeltaBytes                        = 1048576                                   {product} {ergonomic}
   size_t MinHeapSize                              = 8388608                                   {product} {ergonomic}
    uintx NonNMethodCodeHeapSize                   = 5839372                                {pd product} {ergonomic}
    uintx NonProfiledCodeHeapSize                  = 122909434                              {pd product} {ergonomic}
    uintx ProfiledCodeHeapSize                     = 122909434                              {pd product} {ergonomic}
    uintx ReservedCodeCacheSize                    = 251658240                              {pd product} {ergonomic}
     bool SegmentedCodeCache                       = true                                      {product} {ergonomic}
   size_t SoftMaxHeapSize                          = 2116026368                             {manageable} {ergonomic}
     bool UseCompressedClassPointers               = true                                 {lp64_product} {ergonomic}
     bool UseCompressedOops                        = true                                 {lp64_product} {ergonomic}
     bool UseG1GC                                  = true                                      {product} {ergonomic}
     bool UseLargePagesIndividualAllocation        = false                                  {pd product} {ergonomic}

Logging:
Log output configuration:
 #0: stdout all=warning uptime,level,tags
 #1: stderr all=off uptime,level,tags

Environment Variables:
JAVA_HOME=C:\Program Files\Java\jdk1.8.0_261
JRE_HOME=C:\Program Files\Java\jre1.8.0_261
CLASSPATH=.;C:\Program Files\Java\jdk1.8.0_261\lib;F:\JavaEE\tools\apache-tomcat-9.0.24\lib;C:\Program Files\Java\jdk1.8.0_261\lib\tools.jar;F:\LINGO9\Lingo9_0.jar
PATH=C:\Program Files\Java\jdk1.8.0_261\bin;C:\Program Files\Java\jdk1.8.0_261\jre\bin;C:\ProgramData\Oracle\Java\javapath;C:\Program Files (x86)\Common Files\Oracle\Java\javapath;C:\Program Files (x86)\Common Files\Intel\Shared Libraries\redist\intel64\compiler;C:\Program Files (x86)\Intel\Intel(R) Management Engine Components\iCLS\;C:\Program Files\Intel\Intel(R) Management Engine Components\iCLS\;C:\Windows\system32;C:\Windows;C:\Windows\System32\Wbem;C:\Windows\System32\WindowsPowerShell\v1.0\;C:\Windows\System32\OpenSSH\;C:\Program Files (x86)\Intel\Intel(R) Management Engine Components\DAL;C:\Program Files\Intel\Intel(R) Management Engine Components\DAL;C:\Program Files (x86)\Intel\Intel(R) Management Engine Components\IPT;C:\Program Files\Intel\Intel(R) Management Engine Components\IPT;C:\Program Files (x86)\NVIDIA Corporation\PhysX\Common;";C:\Program Files\Java\jre1.8.0_25\bin";"E:\codeblocks17.12\codeblocks17.12\codeblocks 17.12\MinGW\bin;E:\codeblocks17.12\codeblocks17.12\codeblocks 17.12\MinGW£»;C:\WINDOWS\system32;C:\WINDOWS;C:\WINDOWS\System32\Wbem;C:\WINDOWS\System32\WindowsPowerShell\v1.0\;C:\WINDOWS\System32\OpenSS";C:\Program Files\dotnet\;C:\Program Files\Microsoft SQL Server\130\Tools\Binn\;E:\codeblocks17.12\codeblocks17.12\codeblocks 17.12\MinGW\bin\;C:\Program Files (x86)\Dev-Cpp\MinGW64\bin\;E:\AÎÄµµ\UML\Rose\common;F:\MATLAB\matlab\runtime\win64;F:\MATLAB\matlab\bin;F:\LINGO9\;C:\Program Files\Java\jdk1.8.0_261\bin;C:\Program Files\Java\jdk1.8.0_261\jre\bin;C:\Program Files\Microsoft SQL Server\Client SDK\ODBC\170\Tools\Binn\;C:\Program Files (x86)\Microsoft SQL Server\150\Tools\Binn\;C:\Program Files\Microsoft SQL Server\150\Tools\Binn\;C:\Program Files\Microsoft SQL Server\150\DTS\Binn\;C:\Program Files (x86)\Microsoft SQL Server\150\DTS\Binn\;C:\Program Files\Azure Data Studio\bin;F:\SQL\mysql\mysql-8.0.22-winx64\mysql-8.0.22-winx64\bin;C:\Windows\system32;C:\WINDOWS\system32;C:\WINDOWS;C:\WINDOWS\System32\Wbem;F:\;F:\SQL\mysql\mysql-8.0.22-
USERNAME=ad
OS=Windows_NT
PROCESSOR_IDENTIFIER=Intel64 Family 6 Model 142 Stepping 10, GenuineIntel



---------------  S Y S T E M  ---------------

OS: Windows 10 , 64 bit Build 18362 (10.0.18362.1110)

CPU:total 8 (initial active 8) (4 cores per cpu, 2 threads per core) family 6 model 142 stepping 10, cmov, cx8, fxsr, mmx, sse, sse2, sse3, ssse3, sse4.1, sse4.2, popcnt, avx, avx2, aes, clmul, erms, 3dnowpref, lzcnt, ht, tsc, tscinvbit, bmi1, bmi2, adx, fma

Memory: 4k page, system-wide physical 8066M (730M free)
TotalPageFile size 12070M (AvailPageFile size 58M)
current process WorkingSet (physical memory assigned to process): 193M, peak: 193M
current process commit charge ("private bytes"): 291M, peak: 291M

vm_info: Java HotSpot(TM) 64-Bit Server VM (13.0.2+8) for windows-amd64 JRE (13.0.2+8), built on Dec 11 2019 09:20:33 by "mach5one" with unknown MS VC++:1916

END.
