#
# There is insufficient memory for the Java Runtime Environment to continue.
# Native memory allocation (mmap) failed to map 134217728 bytes for Failed to commit area from 0x0000000081e00000 to 0x0000000089e00000 of length 134217728.
# Possible reasons:
#   The system is out of physical RAM or swap space
#   The process is running with CompressedOops enabled, and the Java Heap may be blocking the growth of the native heap
# Possible solutions:
#   Reduce memory load on the system
#   Increase physical memory or swap space
#   Check if swap backing store is full
#   Decrease Java heap size (-Xmx/-Xms)
#   Decrease number of Java threads
#   Decrease Java thread stack sizes (-Xss)
#   Set larger code cache with -XX:ReservedCodeCacheSize=
# This output file may be truncated or incomplete.
#
#  Out of Memory Error (t:/workspace/open/src/hotspot/os/windows/os_windows.cpp:3301), pid=16208, tid=9916
#
# JRE version:  (13.0.2+8) (build )
# Java VM: Java HotSpot(TM) 64-Bit Server VM (13.0.2+8, mixed mode, aot, sharing, tiered, compressed oops, g1 gc, windows-amd64)
# No core dump will be written. Minidumps are not enabled by default on client versions of Windows
#

---------------  S U M M A R Y ------------

Command Line: -ea -Didea.test.cyclic.buffer.size=1048576 -javaagent:C:\Program Files\JetBrains\IntelliJ IDEA 2019.3.2\lib\idea_rt.jar=64225:C:\Program Files\JetBrains\IntelliJ IDEA 2019.3.2\bin -Dfile.encoding=UTF-8 com.intellij.rt.junit.JUnitStarter -ideVersion5 -junit5 bean.UserControllerTest

Host: Intel(R) Core(TM) i7-8550U CPU @ 1.80GHz, 8 cores, 7G,  Windows 10 , 64 bit Build 18362 (10.0.18362.1110)
Time: Sat Nov 28 13:49:28 2020 ?D1¨²¡À¨º¡Á?¨º¡À?? elapsed time: 0 seconds (0d 0h 0m 0s)

---------------  T H R E A D  ---------------

Current thread (0x000001c7950cf000):  JavaThread "Unknown thread" [_thread_in_vm, id=9916, stack(0x000000ade2200000,0x000000ade2300000)]

Stack: [0x000000ade2200000,0x000000ade2300000]
Native frames: (J=compiled Java code, j=interpreted, Vv=VM code, C=native code)
V  [jvm.dll+0x624f9a]
V  [jvm.dll+0x770cfa]
V  [jvm.dll+0x7724af]
V  [jvm.dll+0x772ab3]
V  [jvm.dll+0x24bf08]
V  [jvm.dll+0x6222aa]
V  [jvm.dll+0x6170b5]
V  [jvm.dll+0x30a88c]
V  [jvm.dll+0x30a6c2]
V  [jvm.dll+0x30fe36]
V  [jvm.dll+0x353f46]
V  [jvm.dll+0x353720]
V  [jvm.dll+0x2e550a]
V  [jvm.dll+0x2e67a2]
V  [jvm.dll+0x74dd78]
V  [jvm.dll+0x361989]
V  [jvm.dll+0x730e65]
V  [jvm.dll+0x3cc53f]
V  [jvm.dll+0x3ce861]
C  [jli.dll+0x51ff]
C  [ucrtbase.dll+0x210b2]
C  [KERNEL32.DLL+0x17c24]
C  [ntdll.dll+0x6d4d1]


---------------  P R O C E S S  ---------------

Threads class SMR info:
_java_thread_list=0x00007ff8d1f9ccb8, length=0, elements={
}

Java Threads: ( => current thread )

Other Threads:
  0x000001c79510d800 GCTaskThread "GC Thread#0" [stack: 0x000000ade2300000,0x000000ade2400000] [id=6688]
  0x000001c79510e800 ConcurrentGCThread "G1 Main Marker" [stack: 0x000000ade2400000,0x000000ade2500000] [id=9584]
  0x000001c7b1436000 ConcurrentGCThread "G1 Conc#0" [stack: 0x000000ade2500000,0x000000ade2600000] [id=11848]

[error occurred during error reporting (printing all threads), id 0xc0000005, EXCEPTION_ACCESS_VIOLATION (0xc0000005) at pc=0x00007ff8d17d51d7]

VM state:not at safepoint (not fully initialized)

VM Mutex/Monitor currently owned by a thread:  ([mutex/lock_event])
[0x000001c7950cc3b0] Heap_lock - owner thread: 0x000001c7950cf000

Heap address: 0x0000000081e00000, size: 2018 MB, Compressed Oops mode: Non-zero based: 0x0000000081e00000
Narrow klass base: 0x0000000000000000, Narrow klass shift: 0

GC Heap History (0 events):
No events

Deoptimization events (0 events):
No events

Classes unloaded (0 events):
No events

Classes redefined (0 events):
No events

Internal exceptions (0 events):
No events

Events (8 events):
Event: 0.048 Loaded shared library C:\Program Files\Java\jdk-13.0.2\bin\zip.dll
Event: 0.049 Loaded shared library C:\Program Files\Java\jdk-13.0.2\bin\jimage.dll
Event: 0.053 Loading shared library C:\Program Files\Java\jdk-13.0.2\lib\libjava.base-coop.dll failed, error code 126
Event: 0.053 Loading shared library C:\Program Files\Java\jdk-13.0.2\lib\libjava.logging-coop.dll failed, error code 126
Event: 0.053 Loading shared library C:\Program Files\Java\jdk-13.0.2\lib\libjdk.compiler-coop.dll failed, error code 126
Event: 0.053 Loading shared library C:\Program Files\Java\jdk-13.0.2\lib\libjdk.scripting.nashorn-coop.dll failed, error code 126
Event: 0.054 Loading shared library C:\Program Files\Java\jdk-13.0.2\lib\libjdk.internal.vm.ci-coop.dll failed, error code 126
Event: 0.054 Loading shared library C:\Program Files\Java\jdk-13.0.2\lib\libjdk.internal.vm.compiler-coop.dll failed, error code 126


Dynamic libraries:
0x00007ff691c70000 - 0x00007ff691c7f000 	C:\Program Files\Java\jdk-13.0.2\bin\java.exe
0x00007ff92e460000 - 0x00007ff92e650000 	C:\WINDOWS\SYSTEM32\ntdll.dll
0x00007ff92e100000 - 0x00007ff92e1b2000 	C:\WINDOWS\System32\KERNEL32.DLL
0x00007ff92bde0000 - 0x00007ff92c085000 	C:\WINDOWS\System32\KERNELBASE.dll
0x00007ff92bb90000 - 0x00007ff92bc8a000 	C:\WINDOWS\System32\ucrtbase.dll
0x00007ff91e2d0000 - 0x00007ff91e2e8000 	C:\Program Files\Java\jdk-13.0.2\bin\jli.dll
0x00007ff91e3f0000 - 0x00007ff91e405000 	C:\Program Files\Java\jdk-13.0.2\bin\VCRUNTIME140.dll
0x00007ff92c9b0000 - 0x00007ff92ca53000 	C:\WINDOWS\System32\ADVAPI32.dll
0x00007ff92e250000 - 0x00007ff92e2ee000 	C:\WINDOWS\System32\msvcrt.dll
0x00007ff92c690000 - 0x00007ff92c727000 	C:\WINDOWS\System32\sechost.dll
0x00007ff92c510000 - 0x00007ff92c630000 	C:\WINDOWS\System32\RPCRT4.dll
0x00007ff92ddb0000 - 0x00007ff92df44000 	C:\WINDOWS\System32\USER32.dll
0x00007ff92bd30000 - 0x00007ff92bd51000 	C:\WINDOWS\System32\win32u.dll
0x00007ff92cc20000 - 0x00007ff92cc46000 	C:\WINDOWS\System32\GDI32.dll
0x00007ff92c290000 - 0x00007ff92c426000 	C:\WINDOWS\System32\gdi32full.dll
0x00007ff92bc90000 - 0x00007ff92bd2e000 	C:\WINDOWS\System32\msvcp_win.dll
0x00007ff91cfc0000 - 0x00007ff91d244000 	C:\WINDOWS\WinSxS\amd64_microsoft.windows.common-controls_6595b64144ccf1df_6.0.18362.1198_none_9e820b57e45ad92f\COMCTL32.dll
0x00007ff92d920000 - 0x00007ff92dc55000 	C:\WINDOWS\System32\combase.dll
0x00007ff92bd60000 - 0x00007ff92bde0000 	C:\WINDOWS\System32\bcryptPrimitives.dll
0x00007ff925710000 - 0x00007ff92571a000 	C:\WINDOWS\SYSTEM32\VERSION.dll
0x00007ff92cac0000 - 0x00007ff92caee000 	C:\WINDOWS\System32\IMM32.DLL
0x00007ff923610000 - 0x00007ff9236e0000 	C:\WINDOWS\system32\tmumh\20019\AddOn\7.30.0.1121\TmUmEvt64.dll
0x00007ff92d220000 - 0x00007ff92d228000 	C:\WINDOWS\System32\PSAPI.DLL
0x00007ff92c630000 - 0x00007ff92c682000 	C:\WINDOWS\System32\SHLWAPI.dll
0x0000000073c20000 - 0x0000000073d6c000 	C:\WINDOWS\system32\tmumh\20019\TmMon\2.6.0.2038\tmmon64.dll
0x00007ff914de0000 - 0x00007ff914e7b000 	C:\Program Files\Java\jdk-13.0.2\bin\msvcp140.dll
0x00007ff8d14e0000 - 0x00007ff8d203d000 	C:\Program Files\Java\jdk-13.0.2\bin\server\jvm.dll
0x00007ff926230000 - 0x00007ff926239000 	C:\WINDOWS\SYSTEM32\WSOCK32.dll
0x00007ff92cba0000 - 0x00007ff92cc0f000 	C:\WINDOWS\System32\WS2_32.dll
0x00007ff923bc0000 - 0x00007ff923be4000 	C:\WINDOWS\SYSTEM32\WINMM.dll
0x00007ff923b10000 - 0x00007ff923b3d000 	C:\WINDOWS\SYSTEM32\WINMMBASE.dll
0x00007ff92c460000 - 0x00007ff92c4aa000 	C:\WINDOWS\System32\cfgmgr32.dll
0x00007ff92b3c0000 - 0x00007ff92b3d1000 	C:\WINDOWS\System32\kernel.appcore.dll
0x00007ff91e2c0000 - 0x00007ff91e2d0000 	C:\Program Files\Java\jdk-13.0.2\bin\verify.dll
0x00007ff928950000 - 0x00007ff928b44000 	C:\WINDOWS\SYSTEM32\DBGHELP.DLL
0x00007ff91c4f0000 - 0x00007ff91c51a000 	C:\WINDOWS\SYSTEM32\dbgcore.DLL
0x00007ff91dc90000 - 0x00007ff91dcb6000 	C:\Program Files\Java\jdk-13.0.2\bin\java.dll
0x00007ff929160000 - 0x00007ff92916e000 	C:\Program Files\Java\jdk-13.0.2\bin\instrument.dll
0x00007ff91cdc0000 - 0x00007ff91cdd7000 	C:\Program Files\Java\jdk-13.0.2\bin\zip.dll
0x00007ff91d260000 - 0x00007ff91d26a000 	C:\Program Files\Java\jdk-13.0.2\bin\jimage.dll

dbghelp: loaded successfully - version: 4.0.5 - missing functions: none
symbol engine: initialized successfully - sym options: 0x614 - pdb path: .;C:\Program Files\Java\jdk-13.0.2\bin;C:\WINDOWS\SYSTEM32;C:\WINDOWS\WinSxS\amd64_microsoft.windows.common-controls_6595b64144ccf1df_6.0.18362.1198_none_9e820b57e45ad92f;C:\WINDOWS\system32\tmumh\20019\AddOn\7.30.0.1121;C:\WINDOWS\system32\tmumh\20019\TmMon\2.6.0.2038;C:\Program Files\Java\jdk-13.0.2\bin\server

VM Arguments:
jvm_args: -ea -Didea.test.cyclic.buffer.size=1048576 -javaagent:C:\Program Files\JetBrains\IntelliJ IDEA 2019.3.2\lib\idea_rt.jar=64225:C:\Program Files\JetBrains\IntelliJ IDEA 2019.3.2\bin -Dfile.encoding=UTF-8 
java_command: com.intellij.rt.junit.JUnitStarter -ideVersion5 -junit5 bean.UserControllerTest
java_class_path (initial): C:\Program Files\JetBrains\IntelliJ IDEA 2019.3.2\lib\idea_rt.jar;C:\Program Files\JetBrains\IntelliJ IDEA 2019.3.2\plugins\junit\lib\junit5-rt.jar;C:\Program Files\JetBrains\IntelliJ IDEA 2019.3.2\plugins\junit\lib\junit-rt.jar;F:\JavaEE\JavaEE\sy6\5-Spring-181002424\out\production\5-Spring-181002424;F:\JavaEE\JavaEE\sy6\5-Spring-181002424\lib\commons-logging-1.2.jar;F:\JavaEE\JavaEE\sy6\5-Spring-181002424\lib\spring-aop-5.2.9.RELEASE.jar;F:\JavaEE\JavaEE\sy6\5-Spring-181002424\lib\spring-core-5.2.9.RELEASE.jar;F:\JavaEE\JavaEE\sy6\5-Spring-181002424\lib\spring-beans-5.2.9.RELEASE.jar;F:\JavaEE\JavaEE\sy6\5-Spring-181002424\lib\spring-context-5.2.9.RELEASE.jar;F:\JavaEE\JavaEE\sy6\5-Spring-181002424\lib\spring-expression-5.2.9.RELEASE.jar;F:\JavaEE\tools\apache-tomcat-9.0.24\lib\jsp-api.jar;F:\JavaEE\tools\apache-tomcat-9.0.24\lib\servlet-api.jar;F:\JavaEE\mybatis-3.4.5.jar;F:\JavaEE\mysql-connector-java-8.0.22.jar;F:\JavaEE\commons-dbcp2-2.2.0.jar;F:\JavaEE\mybatis-spring-1.3.1.jar;F:\JavaEE\spring-jdbc-5.0.2.RELEASE.jar;F:\JavaEE\spring-tx-5.0.2.RELEASE.jar;C:\Users\ad\.m2\repository\junit\junit\4.12\junit-4.12.jar;C:\Users\ad\.m2\repository\org\hamcrest\hamcrest-core\1.3\hamcrest-core-1.3.jar;C:\Users\ad\.m2\repository\org\junit\jupiter\junit-jupiter\5.4.2\junit-jupiter-5.4.2.jar;C:\Users\ad\.m2\repository\org\junit\jupiter\junit-jupiter-api\5.4.2\junit-jupiter-api-5.4.2.jar;C:\Users\ad\.m2\repository\org\apiguardian\apiguardian-api\1.0.0\apiguardian-api-1.0.0.jar;C:\Users\ad\.m2\repository\org\opentest4j\opentest4j\1.1.1\opentest4j-1.1.1.jar;C:\Users\ad\.m2\repository\org\junit\platform\junit-platform-commons\1.4.2\junit-platform-commons-1.4.2.jar;C:\Users\ad\.m2\repository\org\junit\jupiter\junit-jupiter-params\5.4.2\junit-jupiter-params-5.4.2.jar;C:\Users\ad\.m2\repository\org\junit\jupiter\junit-jupiter-engine\5.4.2\junit-jupiter-engine-5.4.2.jar;C:\Users\ad\.m2\repository\org\junit\platform\junit-platform-engine\1.4.2\junit-plat
Launcher Type: SUN_STANDARD

[Global flags]
     intx CICompilerCount                          = 4                                         {product} {ergonomic}
     uint ConcGCThreads                            = 2                                         {product} {ergonomic}
     uint G1ConcRefinementThreads                  = 8                                         {product} {ergonomic}
   size_t G1HeapRegionSize                         = 1048576                                   {product} {ergonomic}
    uintx GCDrainStackTargetSize                   = 64                                        {product} {ergonomic}
   size_t InitialHeapSize                          = 134217728                                 {product} {ergonomic}
   size_t MarkStackSize                            = 4194304                                   {product} {ergonomic}
   size_t MaxHeapSize                              = 2116026368                                {product} {ergonomic}
   size_t MinHeapDeltaBytes                        = 1048576                                   {product} {ergonomic}
   size_t MinHeapSize                              = 8388608                                   {product} {ergonomic}
    uintx NonNMethodCodeHeapSize                   = 5839372                                {pd product} {ergonomic}
    uintx NonProfiledCodeHeapSize                  = 122909434                              {pd product} {ergonomic}
    uintx ProfiledCodeHeapSize                     = 122909434                              {pd product} {ergonomic}
    uintx ReservedCodeCacheSize                    = 251658240                              {pd product} {ergonomic}
     bool SegmentedCodeCache                       = true                                      {product} {ergonomic}
   size_t SoftMaxHeapSize                          = 2116026368                             {manageable} {ergonomic}
     bool UseCompressedClassPointers               = true                                 {lp64_product} {ergonomic}
     bool UseCompressedOops                        = true                                 {lp64_product} {ergonomic}
     bool UseG1GC                                  = true                                      {product} {ergonomic}
     bool UseLargePagesIndividualAllocation        = false                                  {pd product} {ergonomic}

Logging:
Log output configuration:
 #0: stdout all=warning uptime,level,tags
 #1: stderr all=off uptime,level,tags

Environment Variables:
JAVA_HOME=C:\Program Files\Java\jdk1.8.0_261
JRE_HOME=C:\Program Files\Java\jre1.8.0_261
CLASSPATH=.;C:\Program Files\Java\jdk1.8.0_261\lib;F:\JavaEE\tools\apache-tomcat-9.0.24\lib;C:\Program Files\Java\jdk1.8.0_261\lib\tools.jar;F:\LINGO9\Lingo9_0.jar
PATH=C:\Program Files\Java\jdk1.8.0_261\bin;C:\Program Files\Java\jdk1.8.0_261\jre\bin;C:\ProgramData\Oracle\Java\javapath;C:\Program Files (x86)\Common Files\Oracle\Java\javapath;C:\Program Files (x86)\Common Files\Intel\Shared Libraries\redist\intel64\compiler;C:\Program Files (x86)\Intel\Intel(R) Management Engine Components\iCLS\;C:\Program Files\Intel\Intel(R) Management Engine Components\iCLS\;C:\Windows\system32;C:\Windows;C:\Windows\System32\Wbem;C:\Windows\System32\WindowsPowerShell\v1.0\;C:\Windows\System32\OpenSSH\;C:\Program Files (x86)\Intel\Intel(R) Management Engine Components\DAL;C:\Program Files\Intel\Intel(R) Management Engine Components\DAL;C:\Program Files (x86)\Intel\Intel(R) Management Engine Components\IPT;C:\Program Files\Intel\Intel(R) Management Engine Components\IPT;C:\Program Files (x86)\NVIDIA Corporation\PhysX\Common;";C:\Program Files\Java\jre1.8.0_25\bin";"E:\codeblocks17.12\codeblocks17.12\codeblocks 17.12\MinGW\bin;E:\codeblocks17.12\codeblocks17.12\codeblocks 17.12\MinGW£»;C:\WINDOWS\system32;C:\WINDOWS;C:\WINDOWS\System32\Wbem;C:\WINDOWS\System32\WindowsPowerShell\v1.0\;C:\WINDOWS\System32\OpenSS";C:\Program Files\dotnet\;C:\Program Files\Microsoft SQL Server\130\Tools\Binn\;E:\codeblocks17.12\codeblocks17.12\codeblocks 17.12\MinGW\bin\;C:\Program Files (x86)\Dev-Cpp\MinGW64\bin\;E:\AÎÄµµ\UML\Rose\common;F:\MATLAB\matlab\runtime\win64;F:\MATLAB\matlab\bin;F:\LINGO9\;C:\Program Files\Java\jdk1.8.0_261\bin;C:\Program Files\Java\jdk1.8.0_261\jre\bin;C:\Program Files\Microsoft SQL Server\Client SDK\ODBC\170\Tools\Binn\;C:\Program Files (x86)\Microsoft SQL Server\150\Tools\Binn\;C:\Program Files\Microsoft SQL Server\150\Tools\Binn\;C:\Program Files\Microsoft SQL Server\150\DTS\Binn\;C:\Program Files (x86)\Microsoft SQL Server\150\DTS\Binn\;C:\Program Files\Azure Data Studio\bin;F:\SQL\mysql\mysql-8.0.22-winx64\mysql-8.0.22-winx64\bin;C:\Windows\system32;C:\WINDOWS\system32;C:\WINDOWS;C:\WINDOWS\System32\Wbem;F:\;F:\SQL\mysql\mysql-8.0.22-
USERNAME=ad
OS=Windows_NT
PROCESSOR_IDENTIFIER=Intel64 Family 6 Model 142 Stepping 10, GenuineIntel



---------------  S Y S T E M  ---------------

OS: Windows 10 , 64 bit Build 18362 (10.0.18362.1110)

CPU:total 8 (initial active 8) (4 cores per cpu, 2 threads per core) family 6 model 142 stepping 10, cmov, cx8, fxsr, mmx, sse, sse2, sse3, ssse3, sse4.1, sse4.2, popcnt, avx, avx2, aes, clmul, erms, 3dnowpref, lzcnt, ht, tsc, tscinvbit, bmi1, bmi2, adx, fma

Memory: 4k page, system-wide physical 8066M (837M free)
TotalPageFile size 12070M (AvailPageFile size 97M)
current process WorkingSet (physical memory assigned to process): 12M, peak: 12M
current process commit charge ("private bytes"): 62M, peak: 190M

vm_info: Java HotSpot(TM) 64-Bit Server VM (13.0.2+8) for windows-amd64 JRE (13.0.2+8), built on Dec 11 2019 09:20:33 by "mach5one" with unknown MS VC++:1916

END.
